26.07.2020 18:28:01 НАЧИНАЮ работу
26.07.2020 18:28:01 ЗАВЕРШАЮ работу
26.07.2020 18:29:01 НАЧИНАЮ работу
26.07.2020 18:29:01 ЗАВЕРШАЮ работу
26.07.2020 18:30:02 НАЧИНАЮ работу
26.07.2020 18:30:02 ЗАВЕРШАЮ работу
26.07.2020 18:31:01 НАЧИНАЮ работу
26.07.2020 18:31:01 ЗАВЕРШАЮ работу
26.07.2020 18:32:01 НАЧИНАЮ работу
26.07.2020 18:32:01 ЗАВЕРШАЮ работу
26.07.2020 18:33:01 НАЧИНАЮ работу
26.07.2020 18:33:01 ЗАВЕРШАЮ работу
26.07.2020 18:34:01 НАЧИНАЮ работу
26.07.2020 18:34:01 ЗАВЕРШАЮ работу
26.07.2020 18:35:02 НАЧИНАЮ работу
26.07.2020 18:35:02 ЗАВЕРШАЮ работу
26.07.2020 18:36:01 НАЧИНАЮ работу
26.07.2020 18:36:01 ЗАВЕРШАЮ работу
26.07.2020 18:37:01 НАЧИНАЮ работу
26.07.2020 18:37:01 ЗАВЕРШАЮ работу
26.07.2020 18:38:01 НАЧИНАЮ работу
26.07.2020 18:38:01 ЗАВЕРШАЮ работу
26.07.2020 18:39:02 НАЧИНАЮ работу
26.07.2020 18:39:02 ЗАВЕРШАЮ работу
26.07.2020 18:40:01 НАЧИНАЮ работу
26.07.2020 18:40:01 ЗАВЕРШАЮ работу
26.07.2020 18:41:01 НАЧИНАЮ работу
26.07.2020 18:41:01 ЗАВЕРШАЮ работу
26.07.2020 18:42:01 НАЧИНАЮ работу
26.07.2020 18:42:01 ЗАВЕРШАЮ работу
26.07.2020 18:43:02 НАЧИНАЮ работу
26.07.2020 18:43:02 ЗАВЕРШАЮ работу
26.07.2020 18:44:01 НАЧИНАЮ работу
26.07.2020 18:44:01 ЗАВЕРШАЮ работу
26.07.2020 18:45:01 НАЧИНАЮ работу
26.07.2020 18:45:01 ЗАВЕРШАЮ работу
26.07.2020 18:46:01 НАЧИНАЮ работу
26.07.2020 18:46:01 ЗАВЕРШАЮ работу
26.07.2020 18:47:02 НАЧИНАЮ работу
26.07.2020 18:47:02 ЗАВЕРШАЮ работу
26.07.2020 18:48:01 НАЧИНАЮ работу
26.07.2020 18:48:01 ЗАВЕРШАЮ работу
26.07.2020 18:49:01 НАЧИНАЮ работу
26.07.2020 18:49:01 ЗАВЕРШАЮ работу
26.07.2020 18:50:01 НАЧИНАЮ работу
26.07.2020 18:50:01 ЗАВЕРШАЮ работу
26.07.2020 18:51:01 НАЧИНАЮ работу
26.07.2020 18:51:01 ЗАВЕРШАЮ работу
26.07.2020 18:52:02 НАЧИНАЮ работу
26.07.2020 18:52:02 ЗАВЕРШАЮ работу
26.07.2020 18:53:01 НАЧИНАЮ работу
26.07.2020 18:53:01 ЗАВЕРШАЮ работу
26.07.2020 18:54:01 НАЧИНАЮ работу
26.07.2020 18:54:01 ЗАВЕРШАЮ работу
26.07.2020 18:55:01 НАЧИНАЮ работу
26.07.2020 18:55:01 ЗАВЕРШАЮ работу
26.07.2020 18:56:02 НАЧИНАЮ работу
26.07.2020 18:56:02 ЗАВЕРШАЮ работу
26.07.2020 18:57:01 НАЧИНАЮ работу
26.07.2020 18:57:01 ЗАВЕРШАЮ работу
26.07.2020 18:58:01 НАЧИНАЮ работу
26.07.2020 18:58:01 ЗАВЕРШАЮ работу
26.07.2020 18:59:01 НАЧИНАЮ работу
26.07.2020 18:59:01 ЗАВЕРШАЮ работу
26.07.2020 19:00:02 НАЧИНАЮ работу
26.07.2020 19:00:02 ЗАВЕРШАЮ работу
26.07.2020 19:01:01 НАЧИНАЮ работу
26.07.2020 19:01:01 ЗАВЕРШАЮ работу
26.07.2020 19:02:01 НАЧИНАЮ работу
26.07.2020 19:02:01 ЗАВЕРШАЮ работу
26.07.2020 19:03:01 НАЧИНАЮ работу
26.07.2020 19:03:01 ЗАВЕРШАЮ работу
26.07.2020 19:04:02 НАЧИНАЮ работу
26.07.2020 19:04:02 ЗАВЕРШАЮ работу
26.07.2020 19:05:01 НАЧИНАЮ работу
26.07.2020 19:05:01 ЗАВЕРШАЮ работу
26.07.2020 19:06:01 НАЧИНАЮ работу
26.07.2020 19:06:01 ЗАВЕРШАЮ работу
26.07.2020 19:07:01 НАЧИНАЮ работу
26.07.2020 19:07:01 ЗАВЕРШАЮ работу
26.07.2020 19:08:02 НАЧИНАЮ работу
26.07.2020 19:08:02 ЗАВЕРШАЮ работу
26.07.2020 19:09:01 НАЧИНАЮ работу
26.07.2020 19:09:01 ЗАВЕРШАЮ работу
26.07.2020 19:10:01 НАЧИНАЮ работу
26.07.2020 19:10:01 ЗАВЕРШАЮ работу
26.07.2020 19:11:01 НАЧИНАЮ работу
26.07.2020 19:11:01 ЗАВЕРШАЮ работу
26.07.2020 19:12:01 НАЧИНАЮ работу
26.07.2020 19:12:01 ЗАВЕРШАЮ работу
26.07.2020 19:13:02 НАЧИНАЮ работу
26.07.2020 19:13:02 ЗАВЕРШАЮ работу
26.07.2020 19:14:01 НАЧИНАЮ работу
26.07.2020 19:14:01 ЗАВЕРШАЮ работу
26.07.2020 19:15:01 НАЧИНАЮ работу
26.07.2020 19:15:01 ЗАВЕРШАЮ работу
26.07.2020 19:16:01 НАЧИНАЮ работу
26.07.2020 19:17:01 НАЧИНАЮ работу
26.07.2020 19:18:01 НАЧИНАЮ работу
26.07.2020 19:18:01 ЗАВЕРШАЮ работу
26.07.2020 19:19:01 НАЧИНАЮ работу
26.07.2020 19:19:01 ЗАВЕРШАЮ работу
26.07.2020 19:20:02 НАЧИНАЮ работу
26.07.2020 19:20:02 ЗАВЕРШАЮ работу
26.07.2020 19:21:01 НАЧИНАЮ работу
26.07.2020 19:21:01 ЗАВЕРШАЮ работу
26.07.2020 19:22:01 НАЧИНАЮ работу
26.07.2020 19:22:01 ЗАВЕРШАЮ работу
26.07.2020 19:23:01 НАЧИНАЮ работу
26.07.2020 19:23:01 ЗАВЕРШАЮ работу
26.07.2020 19:24:02 НАЧИНАЮ работу
26.07.2020 19:24:02 ЗАВЕРШАЮ работу
26.07.2020 19:25:01 НАЧИНАЮ работу
26.07.2020 19:25:01 ЗАВЕРШАЮ работу
26.07.2020 19:26:01 НАЧИНАЮ работу
26.07.2020 19:26:01 ЗАВЕРШАЮ работу
26.07.2020 19:27:01 НАЧИНАЮ работу
26.07.2020 19:27:01 ЗАВЕРШАЮ работу
26.07.2020 19:28:01 НАЧИНАЮ работу
26.07.2020 19:28:01 ЗАВЕРШАЮ работу
26.07.2020 19:29:02 НАЧИНАЮ работу
26.07.2020 19:29:02 ЗАВЕРШАЮ работу
26.07.2020 19:30:01 НАЧИНАЮ работу
26.07.2020 19:30:01 ЗАВЕРШАЮ работу
26.07.2020 19:31:01 НАЧИНАЮ работу
26.07.2020 19:31:01 ЗАВЕРШАЮ работу
26.07.2020 19:32:01 НАЧИНАЮ работу
26.07.2020 19:32:01 ЗАВЕРШАЮ работу
26.07.2020 19:33:02 НАЧИНАЮ работу
26.07.2020 19:33:02 ЗАВЕРШАЮ работу
26.07.2020 19:34:01 НАЧИНАЮ работу
26.07.2020 19:34:01 ЗАВЕРШАЮ работу
26.07.2020 19:35:01 НАЧИНАЮ работу
26.07.2020 19:35:01 ЗАВЕРШАЮ работу
26.07.2020 19:36:01 НАЧИНАЮ работу
26.07.2020 19:36:01 ЗАВЕРШАЮ работу
26.07.2020 19:37:02 НАЧИНАЮ работу
26.07.2020 19:37:02 ЗАВЕРШАЮ работу
26.07.2020 19:38:01 НАЧИНАЮ работу
26.07.2020 19:38:01 ЗАВЕРШАЮ работу
26.07.2020 19:39:01 НАЧИНАЮ работу
26.07.2020 19:39:01 ЗАВЕРШАЮ работу
26.07.2020 19:40:01 НАЧИНАЮ работу
26.07.2020 19:40:01 ЗАВЕРШАЮ работу
26.07.2020 19:41:02 НАЧИНАЮ работу
26.07.2020 19:41:02 ЗАВЕРШАЮ работу
26.07.2020 19:42:01 НАЧИНАЮ работу
26.07.2020 19:42:01 ЗАВЕРШАЮ работу
26.07.2020 19:43:01 НАЧИНАЮ работу
26.07.2020 19:43:01 ЗАВЕРШАЮ работу
26.07.2020 19:44:01 НАЧИНАЮ работу
26.07.2020 19:44:01 ЗАВЕРШАЮ работу
26.07.2020 19:45:01 НАЧИНАЮ работу
26.07.2020 19:45:01 ЗАВЕРШАЮ работу
26.07.2020 19:46:02 НАЧИНАЮ работу
26.07.2020 19:46:02 ЗАВЕРШАЮ работу
26.07.2020 19:47:01 НАЧИНАЮ работу
26.07.2020 19:47:01 ЗАВЕРШАЮ работу
26.07.2020 19:48:01 НАЧИНАЮ работу
26.07.2020 19:48:01 ЗАВЕРШАЮ работу
26.07.2020 19:49:01 НАЧИНАЮ работу
26.07.2020 19:49:01 ЗАВЕРШАЮ работу
26.07.2020 19:50:02 НАЧИНАЮ работу
26.07.2020 19:50:02 ЗАВЕРШАЮ работу
26.07.2020 19:51:01 НАЧИНАЮ работу
26.07.2020 19:51:01 ЗАВЕРШАЮ работу
26.07.2020 19:52:01 НАЧИНАЮ работу
26.07.2020 19:52:01 ЗАВЕРШАЮ работу
26.07.2020 19:53:01 НАЧИНАЮ работу
26.07.2020 19:53:01 ЗАВЕРШАЮ работу
26.07.2020 19:54:02 НАЧИНАЮ работу
26.07.2020 19:54:02 ЗАВЕРШАЮ работу
26.07.2020 19:55:01 НАЧИНАЮ работу
26.07.2020 19:55:01 ЗАВЕРШАЮ работу
26.07.2020 19:56:01 НАЧИНАЮ работу
26.07.2020 19:56:01 ЗАВЕРШАЮ работу
26.07.2020 19:57:01 НАЧИНАЮ работу
26.07.2020 19:57:01 ЗАВЕРШАЮ работу
26.07.2020 19:58:02 НАЧИНАЮ работу
26.07.2020 19:58:02 ЗАВЕРШАЮ работу
26.07.2020 19:59:01 НАЧИНАЮ работу
26.07.2020 19:59:01 ЗАВЕРШАЮ работу
26.07.2020 20:00:01 НАЧИНАЮ работу
26.07.2020 20:00:01 ЗАВЕРШАЮ работу
26.07.2020 20:01:02 НАЧИНАЮ работу
26.07.2020 20:01:02 ЗАВЕРШАЮ работу
26.07.2020 20:02:02 НАЧИНАЮ работу
26.07.2020 20:02:02 ЗАВЕРШАЮ работу
26.07.2020 20:03:01 НАЧИНАЮ работу
26.07.2020 20:03:01 ЗАВЕРШАЮ работу
26.07.2020 20:04:01 НАЧИНАЮ работу
26.07.2020 20:04:01 ЗАВЕРШАЮ работу
26.07.2020 20:05:01 НАЧИНАЮ работу
26.07.2020 20:05:01 ЗАВЕРШАЮ работу
26.07.2020 20:06:02 НАЧИНАЮ работу
26.07.2020 20:06:02 ЗАВЕРШАЮ работу
26.07.2020 20:07:01 НАЧИНАЮ работу
26.07.2020 20:07:01 ЗАВЕРШАЮ работу
26.07.2020 20:08:01 НАЧИНАЮ работу
26.07.2020 20:08:01 ЗАВЕРШАЮ работу
26.07.2020 20:09:01 НАЧИНАЮ работу
26.07.2020 20:09:01 ЗАВЕРШАЮ работу
26.07.2020 20:10:02 НАЧИНАЮ работу
26.07.2020 20:10:02 ЗАВЕРШАЮ работу
26.07.2020 20:11:01 НАЧИНАЮ работу
26.07.2020 20:11:01 ЗАВЕРШАЮ работу
26.07.2020 20:12:01 НАЧИНАЮ работу
26.07.2020 20:12:01 ЗАВЕРШАЮ работу
26.07.2020 20:13:01 НАЧИНАЮ работу
26.07.2020 20:13:01 ЗАВЕРШАЮ работу
26.07.2020 20:14:01 НАЧИНАЮ работу
26.07.2020 20:14:01 ЗАВЕРШАЮ работу
26.07.2020 20:15:02 НАЧИНАЮ работу
26.07.2020 20:15:02 ЗАВЕРШАЮ работу
26.07.2020 20:16:01 НАЧИНАЮ работу
26.07.2020 20:16:01 ЗАВЕРШАЮ работу
26.07.2020 20:17:01 НАЧИНАЮ работу
26.07.2020 20:17:01 ЗАВЕРШАЮ работу
26.07.2020 20:18:01 НАЧИНАЮ работу
26.07.2020 20:18:01 Проставлена метка cron_deleted_flag. Таблица класса: file_grbsTable. Запись id: 5. Название файла: 12 (1).xml
26.07.2020 20:18:01 Проставлена метка cron_deleted_flag. Таблица класса: file_grbsTable. Запись id: 6. Название файла: 12.xml
26.07.2020 20:18:01 Проставлена метка cron_deleted_flag. Таблица класса: file_grbsTable. Запись id: 7. Название файла: 12 (1).xml
26.07.2020 20:18:01 Проставлена метка cron_deleted_flag. Таблица класса: file_grbsTable. Запись id: 8. Название файла: 12.xml
26.07.2020 20:18:01 ЗАВЕРШАЮ работу
26.07.2020 20:19:02 НАЧИНАЮ работу
26.07.2020 20:19:02 ЗАВЕРШАЮ работу
26.07.2020 20:20:01 НАЧИНАЮ работу
26.07.2020 20:20:01 Проставлена метка cron_deleted_flag. Таблица класса: file_grbsTable. Запись id: 9. Название файла: FullDocumentTemplate.docx
26.07.2020 20:20:01 ЗАВЕРШАЮ работу
26.07.2020 20:21:01 НАЧИНАЮ работу
26.07.2020 20:21:01 ЗАВЕРШАЮ работу
26.07.2020 20:22:01 НАЧИНАЮ работу
26.07.2020 20:22:01 ЗАВЕРШАЮ работу
26.07.2020 20:23:02 НАЧИНАЮ работу
26.07.2020 20:23:02 ЗАВЕРШАЮ работу
26.07.2020 20:24:01 НАЧИНАЮ работу
26.07.2020 20:24:01 ЗАВЕРШАЮ работу
26.07.2020 20:25:01 НАЧИНАЮ работу
26.07.2020 20:25:01 ЗАВЕРШАЮ работу
26.07.2020 20:26:01 НАЧИНАЮ работу
26.07.2020 20:26:01 ЗАВЕРШАЮ работу
26.07.2020 20:27:02 НАЧИНАЮ работу
26.07.2020 20:27:02 ЗАВЕРШАЮ работу
26.07.2020 20:28:01 НАЧИНАЮ работу
26.07.2020 20:28:01 ЗАВЕРШАЮ работу
26.07.2020 20:29:01 НАЧИНАЮ работу
26.07.2020 20:29:01 ЗАВЕРШАЮ работу
26.07.2020 20:30:01 НАЧИНАЮ работу
26.07.2020 20:30:01 ЗАВЕРШАЮ работу
26.07.2020 20:31:01 НАЧИНАЮ работу
26.07.2020 20:31:01 ЗАВЕРШАЮ работу
26.07.2020 20:32:02 НАЧИНАЮ работу
26.07.2020 20:32:02 ЗАВЕРШАЮ работу
26.07.2020 20:33:01 НАЧИНАЮ работу
26.07.2020 20:33:01 ЗАВЕРШАЮ работу
26.07.2020 20:34:01 НАЧИНАЮ работу
26.07.2020 20:34:01 ЗАВЕРШАЮ работу
26.07.2020 20:35:01 НАЧИНАЮ работу
26.07.2020 20:35:01 ЗАВЕРШАЮ работу
26.07.2020 20:36:02 НАЧИНАЮ работу
26.07.2020 20:36:02 ЗАВЕРШАЮ работу
26.07.2020 20:37:01 НАЧИНАЮ работу
26.07.2020 20:37:01 ЗАВЕРШАЮ работу
26.07.2020 20:38:01 НАЧИНАЮ работу
26.07.2020 20:38:01 ЗАВЕРШАЮ работу
26.07.2020 20:39:01 НАЧИНАЮ работу
26.07.2020 20:39:01 ЗАВЕРШАЮ работу
26.07.2020 20:40:02 НАЧИНАЮ работу
26.07.2020 20:40:02 ЗАВЕРШАЮ работу
26.07.2020 20:41:01 НАЧИНАЮ работу
26.07.2020 20:41:01 ЗАВЕРШАЮ работу
26.07.2020 20:42:01 НАЧИНАЮ работу
26.07.2020 20:42:01 ЗАВЕРШАЮ работу
26.07.2020 20:43:01 НАЧИНАЮ работу
26.07.2020 20:43:01 ЗАВЕРШАЮ работу
26.07.2020 20:44:02 НАЧИНАЮ работу
26.07.2020 20:44:02 ЗАВЕРШАЮ работу
26.07.2020 20:45:01 НАЧИНАЮ работу
26.07.2020 20:45:01 ЗАВЕРШАЮ работу
26.07.2020 20:46:01 НАЧИНАЮ работу
26.07.2020 20:46:01 ЗАВЕРШАЮ работу
26.07.2020 20:47:01 НАЧИНАЮ работу
26.07.2020 20:47:01 ЗАВЕРШАЮ работу
26.07.2020 20:48:02 НАЧИНАЮ работу
26.07.2020 20:48:02 ЗАВЕРШАЮ работу
26.07.2020 20:49:01 НАЧИНАЮ работу
26.07.2020 20:49:01 ЗАВЕРШАЮ работу
26.07.2020 20:50:01 НАЧИНАЮ работу
26.07.2020 20:50:01 ЗАВЕРШАЮ работу
26.07.2020 20:51:01 НАЧИНАЮ работу
26.07.2020 20:51:01 ЗАВЕРШАЮ работу
26.07.2020 20:52:01 НАЧИНАЮ работу
26.07.2020 20:52:01 ЗАВЕРШАЮ работу
26.07.2020 20:53:02 НАЧИНАЮ работу
26.07.2020 20:53:02 ЗАВЕРШАЮ работу
26.07.2020 20:54:01 НАЧИНАЮ работу
26.07.2020 20:54:01 ЗАВЕРШАЮ работу
26.07.2020 20:55:01 НАЧИНАЮ работу
26.07.2020 20:55:01 ЗАВЕРШАЮ работу
26.07.2020 20:56:01 НАЧИНАЮ работу
26.07.2020 20:56:01 ЗАВЕРШАЮ работу
26.07.2020 20:57:02 НАЧИНАЮ работу
26.07.2020 20:57:02 ЗАВЕРШАЮ работу
26.07.2020 20:58:01 НАЧИНАЮ работу
26.07.2020 20:58:01 ЗАВЕРШАЮ работу
26.07.2020 20:59:01 НАЧИНАЮ работу
26.07.2020 20:59:01 ЗАВЕРШАЮ работу
26.07.2020 21:00:01 НАЧИНАЮ работу
26.07.2020 21:00:01 ЗАВЕРШАЮ работу
26.07.2020 21:01:02 НАЧИНАЮ работу
26.07.2020 21:01:02 ЗАВЕРШАЮ работу
26.07.2020 21:02:01 НАЧИНАЮ работу
26.07.2020 21:02:01 ЗАВЕРШАЮ работу
26.07.2020 21:03:01 НАЧИНАЮ работу
26.07.2020 21:03:01 ЗАВЕРШАЮ работу
26.07.2020 21:04:01 НАЧИНАЮ работу
26.07.2020 21:04:01 ЗАВЕРШАЮ работу
26.07.2020 21:05:02 НАЧИНАЮ работу
26.07.2020 21:05:02 ЗАВЕРШАЮ работу
26.07.2020 21:06:01 НАЧИНАЮ работу
26.07.2020 21:06:01 ЗАВЕРШАЮ работу
26.07.2020 21:07:01 НАЧИНАЮ работу
26.07.2020 21:07:01 ЗАВЕРШАЮ работу
26.07.2020 21:08:01 НАЧИНАЮ работу
26.07.2020 21:08:01 ЗАВЕРШАЮ работу
26.07.2020 21:09:01 НАЧИНАЮ работу
26.07.2020 21:09:01 ЗАВЕРШАЮ работу
26.07.2020 21:10:01 НАЧИНАЮ работу
26.07.2020 21:10:01 ЗАВЕРШАЮ работу
26.07.2020 21:11:01 НАЧИНАЮ работу
26.07.2020 21:11:01 ЗАВЕРШАЮ работу
26.07.2020 21:12:01 НАЧИНАЮ работу
26.07.2020 21:12:01 ЗАВЕРШАЮ работу
26.07.2020 21:13:01 НАЧИНАЮ работу
26.07.2020 21:13:01 ЗАВЕРШАЮ работу
26.07.2020 21:14:02 НАЧИНАЮ работу
26.07.2020 21:14:02 ЗАВЕРШАЮ работу
26.07.2020 21:15:01 НАЧИНАЮ работу
26.07.2020 21:15:01 ЗАВЕРШАЮ работу
26.07.2020 21:16:01 НАЧИНАЮ работу
26.07.2020 21:16:01 ЗАВЕРШАЮ работу
26.07.2020 21:17:01 НАЧИНАЮ работу
26.07.2020 21:17:01 ЗАВЕРШАЮ работу
26.07.2020 21:18:02 НАЧИНАЮ работу
26.07.2020 21:18:02 ЗАВЕРШАЮ работу
26.07.2020 21:19:01 НАЧИНАЮ работу
26.07.2020 21:19:01 ЗАВЕРШАЮ работу
26.07.2020 21:20:01 НАЧИНАЮ работу
26.07.2020 21:20:01 ЗАВЕРШАЮ работу
26.07.2020 21:21:01 НАЧИНАЮ работу
26.07.2020 21:21:01 ЗАВЕРШАЮ работу
26.07.2020 21:22:02 НАЧИНАЮ работу
26.07.2020 21:22:02 ЗАВЕРШАЮ работу
26.07.2020 21:23:01 НАЧИНАЮ работу
26.07.2020 21:23:01 ЗАВЕРШАЮ работу
26.07.2020 21:24:01 НАЧИНАЮ работу
26.07.2020 21:24:01 ЗАВЕРШАЮ работу
26.07.2020 21:25:01 НАЧИНАЮ работу
26.07.2020 21:25:01 ЗАВЕРШАЮ работу
26.07.2020 21:26:02 НАЧИНАЮ работу
26.07.2020 21:26:02 ЗАВЕРШАЮ работу
26.07.2020 21:27:01 НАЧИНАЮ работу
26.07.2020 21:27:01 ЗАВЕРШАЮ работу
26.07.2020 21:28:01 НАЧИНАЮ работу
26.07.2020 21:28:01 ЗАВЕРШАЮ работу
26.07.2020 21:29:01 НАЧИНАЮ работу
26.07.2020 21:29:01 ЗАВЕРШАЮ работу
26.07.2020 21:30:01 НАЧИНАЮ работу
26.07.2020 21:30:01 ЗАВЕРШАЮ работу
26.07.2020 21:31:02 НАЧИНАЮ работу
26.07.2020 21:31:02 ЗАВЕРШАЮ работу
26.07.2020 21:32:01 НАЧИНАЮ работу
26.07.2020 21:32:01 ЗАВЕРШАЮ работу
26.07.2020 21:33:01 НАЧИНАЮ работу
26.07.2020 21:33:01 ЗАВЕРШАЮ работу
26.07.2020 21:34:01 НАЧИНАЮ работу
26.07.2020 21:34:01 ЗАВЕРШАЮ работу
26.07.2020 21:35:02 НАЧИНАЮ работу
26.07.2020 21:35:02 ЗАВЕРШАЮ работу
26.07.2020 21:36:01 НАЧИНАЮ работу
26.07.2020 21:36:01 ЗАВЕРШАЮ работу
26.07.2020 21:37:01 НАЧИНАЮ работу
26.07.2020 21:37:01 ЗАВЕРШАЮ работу
26.07.2020 21:38:01 НАЧИНАЮ работу
26.07.2020 21:38:01 ЗАВЕРШАЮ работу
26.07.2020 21:39:02 НАЧИНАЮ работу
26.07.2020 21:39:02 ЗАВЕРШАЮ работу
26.07.2020 21:40:01 НАЧИНАЮ работу
26.07.2020 21:40:01 ЗАВЕРШАЮ работу
26.07.2020 21:41:01 НАЧИНАЮ работу
26.07.2020 21:41:01 ЗАВЕРШАЮ работу
26.07.2020 21:42:01 НАЧИНАЮ работу
26.07.2020 21:42:01 ЗАВЕРШАЮ работу
26.07.2020 21:43:02 НАЧИНАЮ работу
26.07.2020 21:43:02 ЗАВЕРШАЮ работу
26.07.2020 21:44:01 НАЧИНАЮ работу
26.07.2020 21:44:01 ЗАВЕРШАЮ работу
26.07.2020 21:45:01 НАЧИНАЮ работу
26.07.2020 21:45:01 ЗАВЕРШАЮ работу
26.07.2020 21:46:01 НАЧИНАЮ работу
26.07.2020 21:46:01 ЗАВЕРШАЮ работу
26.07.2020 21:47:01 НАЧИНАЮ работу
26.07.2020 21:47:01 ЗАВЕРШАЮ работу
26.07.2020 21:48:02 НАЧИНАЮ работу
26.07.2020 21:48:02 ЗАВЕРШАЮ работу
26.07.2020 21:49:01 НАЧИНАЮ работу
26.07.2020 21:49:01 ЗАВЕРШАЮ работу
26.07.2020 21:50:01 НАЧИНАЮ работу
26.07.2020 21:50:01 ЗАВЕРШАЮ работу
26.07.2020 21:51:01 НАЧИНАЮ работу
26.07.2020 21:51:01 ЗАВЕРШАЮ работу
26.07.2020 21:52:02 НАЧИНАЮ работу
26.07.2020 21:52:02 ЗАВЕРШАЮ работу
26.07.2020 21:53:01 НАЧИНАЮ работу
26.07.2020 21:53:01 ЗАВЕРШАЮ работу
26.07.2020 21:54:01 НАЧИНАЮ работу
26.07.2020 21:54:01 ЗАВЕРШАЮ работу
26.07.2020 21:55:01 НАЧИНАЮ работу
26.07.2020 21:55:01 ЗАВЕРШАЮ работу
26.07.2020 21:56:02 НАЧИНАЮ работу
26.07.2020 21:56:02 ЗАВЕРШАЮ работу
26.07.2020 21:57:01 НАЧИНАЮ работу
26.07.2020 21:57:01 ЗАВЕРШАЮ работу
26.07.2020 21:58:01 НАЧИНАЮ работу
26.07.2020 21:58:01 ЗАВЕРШАЮ работу
26.07.2020 21:59:01 НАЧИНАЮ работу
26.07.2020 21:59:01 ЗАВЕРШАЮ работу
26.07.2020 22:00:02 НАЧИНАЮ работу
26.07.2020 22:00:02 ЗАВЕРШАЮ работу
26.07.2020 22:01:01 НАЧИНАЮ работу
26.07.2020 22:01:01 ЗАВЕРШАЮ работу
26.07.2020 22:02:01 НАЧИНАЮ работу
26.07.2020 22:02:01 ЗАВЕРШАЮ работу
26.07.2020 22:03:01 НАЧИНАЮ работу
26.07.2020 22:03:01 ЗАВЕРШАЮ работу
26.07.2020 22:04:02 НАЧИНАЮ работу
26.07.2020 22:04:02 ЗАВЕРШАЮ работу
26.07.2020 22:05:01 НАЧИНАЮ работу
26.07.2020 22:05:01 ЗАВЕРШАЮ работу
26.07.2020 22:06:01 НАЧИНАЮ работу
26.07.2020 22:06:01 ЗАВЕРШАЮ работу
26.07.2020 22:07:01 НАЧИНАЮ работу
26.07.2020 22:07:01 ЗАВЕРШАЮ работу
26.07.2020 22:08:01 НАЧИНАЮ работу
26.07.2020 22:08:01 ЗАВЕРШАЮ работу
26.07.2020 22:09:02 НАЧИНАЮ работу
26.07.2020 22:09:02 ЗАВЕРШАЮ работу
26.07.2020 22:10:01 НАЧИНАЮ работу
26.07.2020 22:10:01 ЗАВЕРШАЮ работу
26.07.2020 22:11:01 НАЧИНАЮ работу
26.07.2020 22:11:01 ЗАВЕРШАЮ работу
26.07.2020 22:12:01 НАЧИНАЮ работу
26.07.2020 22:12:01 ЗАВЕРШАЮ работу
26.07.2020 22:13:02 НАЧИНАЮ работу
26.07.2020 22:13:02 ЗАВЕРШАЮ работу
26.07.2020 22:14:01 НАЧИНАЮ работу
26.07.2020 22:14:01 ЗАВЕРШАЮ работу
26.07.2020 22:15:01 НАЧИНАЮ работу
26.07.2020 22:15:01 ЗАВЕРШАЮ работу
26.07.2020 22:16:01 НАЧИНАЮ работу
26.07.2020 22:16:01 ЗАВЕРШАЮ работу
26.07.2020 22:17:02 НАЧИНАЮ работу
26.07.2020 22:17:02 ЗАВЕРШАЮ работу
26.07.2020 22:18:01 НАЧИНАЮ работу
26.07.2020 22:18:01 ЗАВЕРШАЮ работу
26.07.2020 22:19:01 НАЧИНАЮ работу
26.07.2020 22:19:01 ЗАВЕРШАЮ работу
26.07.2020 22:20:01 НАЧИНАЮ работу
26.07.2020 22:20:01 ЗАВЕРШАЮ работу
26.07.2020 22:21:02 НАЧИНАЮ работу
26.07.2020 22:21:02 ЗАВЕРШАЮ работу
26.07.2020 22:22:01 НАЧИНАЮ работу
26.07.2020 22:22:01 ЗАВЕРШАЮ работу
26.07.2020 22:23:01 НАЧИНАЮ работу
26.07.2020 22:23:01 ЗАВЕРШАЮ работу
26.07.2020 22:24:01 НАЧИНАЮ работу
26.07.2020 22:24:01 ЗАВЕРШАЮ работу
26.07.2020 22:25:01 НАЧИНАЮ работу
26.07.2020 22:25:01 ЗАВЕРШАЮ работу
26.07.2020 22:26:02 НАЧИНАЮ работу
26.07.2020 22:26:02 ЗАВЕРШАЮ работу
26.07.2020 22:27:01 НАЧИНАЮ работу
26.07.2020 22:27:01 ЗАВЕРШАЮ работу
26.07.2020 22:28:01 НАЧИНАЮ работу
26.07.2020 22:28:01 ЗАВЕРШАЮ работу
26.07.2020 22:29:01 НАЧИНАЮ работу
26.07.2020 22:29:01 ЗАВЕРШАЮ работу
26.07.2020 22:30:02 НАЧИНАЮ работу
26.07.2020 22:30:02 ЗАВЕРШАЮ работу
26.07.2020 22:31:01 НАЧИНАЮ работу
26.07.2020 22:31:01 ЗАВЕРШАЮ работу
26.07.2020 22:32:01 НАЧИНАЮ работу
26.07.2020 22:32:01 ЗАВЕРШАЮ работу
26.07.2020 22:33:01 НАЧИНАЮ работу
26.07.2020 22:33:01 ЗАВЕРШАЮ работу
26.07.2020 22:34:02 НАЧИНАЮ работу
26.07.2020 22:34:02 ЗАВЕРШАЮ работу
26.07.2020 22:35:01 НАЧИНАЮ работу
26.07.2020 22:35:01 ЗАВЕРШАЮ работу
26.07.2020 22:36:01 НАЧИНАЮ работу
26.07.2020 22:36:01 ЗАВЕРШАЮ работу
26.07.2020 22:37:01 НАЧИНАЮ работу
26.07.2020 22:37:01 ЗАВЕРШАЮ работу
26.07.2020 22:38:02 НАЧИНАЮ работу
26.07.2020 22:38:02 ЗАВЕРШАЮ работу
26.07.2020 22:39:01 НАЧИНАЮ работу
26.07.2020 22:39:01 ЗАВЕРШАЮ работу
26.07.2020 22:40:01 НАЧИНАЮ работу
26.07.2020 22:40:01 ЗАВЕРШАЮ работу
26.07.2020 22:41:01 НАЧИНАЮ работу
26.07.2020 22:41:01 ЗАВЕРШАЮ работу
26.07.2020 22:42:02 НАЧИНАЮ работу
26.07.2020 22:42:02 ЗАВЕРШАЮ работу
26.07.2020 22:43:01 НАЧИНАЮ работу
26.07.2020 22:43:01 ЗАВЕРШАЮ работу
26.07.2020 22:44:01 НАЧИНАЮ работу
26.07.2020 22:44:01 ЗАВЕРШАЮ работу
26.07.2020 22:45:01 НАЧИНАЮ работу
26.07.2020 22:45:01 ЗАВЕРШАЮ работу
26.07.2020 22:46:01 НАЧИНАЮ работу
26.07.2020 22:46:01 ЗАВЕРШАЮ работу
26.07.2020 22:47:02 НАЧИНАЮ работу
26.07.2020 22:47:02 ЗАВЕРШАЮ работу
26.07.2020 22:48:01 НАЧИНАЮ работу
26.07.2020 22:48:01 ЗАВЕРШАЮ работу
26.07.2020 22:49:01 НАЧИНАЮ работу
26.07.2020 22:49:01 ЗАВЕРШАЮ работу
26.07.2020 22:50:01 НАЧИНАЮ работу
26.07.2020 22:50:01 ЗАВЕРШАЮ работу
26.07.2020 22:51:02 НАЧИНАЮ работу
26.07.2020 22:51:02 ЗАВЕРШАЮ работу
26.07.2020 22:52:01 НАЧИНАЮ работу
26.07.2020 22:52:01 ЗАВЕРШАЮ работу
26.07.2020 22:53:01 НАЧИНАЮ работу
26.07.2020 22:53:01 ЗАВЕРШАЮ работу
26.07.2020 22:54:01 НАЧИНАЮ работу
26.07.2020 22:54:01 ЗАВЕРШАЮ работу
26.07.2020 22:55:02 НАЧИНАЮ работу
26.07.2020 22:55:02 ЗАВЕРШАЮ работу
26.07.2020 22:56:01 НАЧИНАЮ работу
26.07.2020 22:56:01 ЗАВЕРШАЮ работу
26.07.2020 22:57:01 НАЧИНАЮ работу
26.07.2020 22:57:01 ЗАВЕРШАЮ работу
26.07.2020 22:58:01 НАЧИНАЮ работу
26.07.2020 22:58:01 ЗАВЕРШАЮ работу
26.07.2020 22:59:02 НАЧИНАЮ работу
26.07.2020 22:59:02 ЗАВЕРШАЮ работу
26.07.2020 23:00:01 НАЧИНАЮ работу
26.07.2020 23:00:01 ЗАВЕРШАЮ работу
26.07.2020 23:01:01 НАЧИНАЮ работу
26.07.2020 23:01:01 ЗАВЕРШАЮ работу
26.07.2020 23:02:01 НАЧИНАЮ работу
26.07.2020 23:02:01 ЗАВЕРШАЮ работу
26.07.2020 23:03:01 НАЧИНАЮ работу
26.07.2020 23:03:01 ЗАВЕРШАЮ работу
26.07.2020 23:04:02 НАЧИНАЮ работу
26.07.2020 23:04:02 ЗАВЕРШАЮ работу
26.07.2020 23:05:01 НАЧИНАЮ работу
26.07.2020 23:05:01 ЗАВЕРШАЮ работу
26.07.2020 23:06:01 НАЧИНАЮ работу
26.07.2020 23:06:01 ЗАВЕРШАЮ работу
26.07.2020 23:07:01 НАЧИНАЮ работу
26.07.2020 23:07:01 ЗАВЕРШАЮ работу
26.07.2020 23:08:02 НАЧИНАЮ работу
26.07.2020 23:08:02 ЗАВЕРШАЮ работу
26.07.2020 23:09:01 НАЧИНАЮ работу
26.07.2020 23:09:01 ЗАВЕРШАЮ работу
26.07.2020 23:10:01 НАЧИНАЮ работу
26.07.2020 23:10:01 ЗАВЕРШАЮ работу
26.07.2020 23:11:01 НАЧИНАЮ работу
26.07.2020 23:11:01 ЗАВЕРШАЮ работу
26.07.2020 23:12:02 НАЧИНАЮ работу
26.07.2020 23:12:02 ЗАВЕРШАЮ работу
26.07.2020 23:13:01 НАЧИНАЮ работу
26.07.2020 23:13:01 ЗАВЕРШАЮ работу
26.07.2020 23:14:01 НАЧИНАЮ работу
26.07.2020 23:14:01 ЗАВЕРШАЮ работу
26.07.2020 23:15:01 НАЧИНАЮ работу
26.07.2020 23:15:01 ЗАВЕРШАЮ работу
26.07.2020 23:16:02 НАЧИНАЮ работу
26.07.2020 23:16:02 ЗАВЕРШАЮ работу
26.07.2020 23:17:01 НАЧИНАЮ работу
26.07.2020 23:17:01 ЗАВЕРШАЮ работу
26.07.2020 23:18:01 НАЧИНАЮ работу
26.07.2020 23:18:01 ЗАВЕРШАЮ работу
26.07.2020 23:19:01 НАЧИНАЮ работу
26.07.2020 23:19:01 ЗАВЕРШАЮ работу
26.07.2020 23:20:01 НАЧИНАЮ работу
26.07.2020 23:20:02 ЗАВЕРШАЮ работу
26.07.2020 23:21:01 НАЧИНАЮ работу
26.07.2020 23:21:01 ЗАВЕРШАЮ работу
26.07.2020 23:22:01 НАЧИНАЮ работу
26.07.2020 23:22:01 ЗАВЕРШАЮ работу
26.07.2020 23:23:01 НАЧИНАЮ работу
26.07.2020 23:23:01 ЗАВЕРШАЮ работу
26.07.2020 23:24:01 НАЧИНАЮ работу
26.07.2020 23:24:01 ЗАВЕРШАЮ работу
26.07.2020 23:25:02 НАЧИНАЮ работу
26.07.2020 23:25:02 ЗАВЕРШАЮ работу
26.07.2020 23:26:01 НАЧИНАЮ работу
26.07.2020 23:26:01 ЗАВЕРШАЮ работу
26.07.2020 23:27:01 НАЧИНАЮ работу
26.07.2020 23:27:01 ЗАВЕРШАЮ работу
26.07.2020 23:28:01 НАЧИНАЮ работу
26.07.2020 23:28:01 ЗАВЕРШАЮ работу
26.07.2020 23:29:02 НАЧИНАЮ работу
26.07.2020 23:29:02 ЗАВЕРШАЮ работу
26.07.2020 23:30:01 НАЧИНАЮ работу
26.07.2020 23:30:01 ЗАВЕРШАЮ работу
26.07.2020 23:31:01 НАЧИНАЮ работу
26.07.2020 23:31:01 ЗАВЕРШАЮ работу
26.07.2020 23:32:01 НАЧИНАЮ работу
26.07.2020 23:32:01 ЗАВЕРШАЮ работу
26.07.2020 23:33:02 НАЧИНАЮ работу
26.07.2020 23:33:02 ЗАВЕРШАЮ работу
26.07.2020 23:34:01 НАЧИНАЮ работу
26.07.2020 23:34:01 ЗАВЕРШАЮ работу
26.07.2020 23:35:01 НАЧИНАЮ работу
26.07.2020 23:35:01 ЗАВЕРШАЮ работу
26.07.2020 23:36:01 НАЧИНАЮ работу
26.07.2020 23:36:01 ЗАВЕРШАЮ работу
26.07.2020 23:37:02 НАЧИНАЮ работу
26.07.2020 23:37:02 ЗАВЕРШАЮ работу
26.07.2020 23:38:01 НАЧИНАЮ работу
26.07.2020 23:38:01 ЗАВЕРШАЮ работу
26.07.2020 23:39:01 НАЧИНАЮ работу
26.07.2020 23:39:01 ЗАВЕРШАЮ работу
26.07.2020 23:40:01 НАЧИНАЮ работу
26.07.2020 23:40:01 ЗАВЕРШАЮ работу
26.07.2020 23:41:01 НАЧИНАЮ работу
26.07.2020 23:41:01 ЗАВЕРШАЮ работу
26.07.2020 23:42:02 НАЧИНАЮ работу
26.07.2020 23:42:02 ЗАВЕРШАЮ работу
26.07.2020 23:43:01 НАЧИНАЮ работу
26.07.2020 23:43:01 ЗАВЕРШАЮ работу
26.07.2020 23:44:01 НАЧИНАЮ работу
26.07.2020 23:44:01 ЗАВЕРШАЮ работу
26.07.2020 23:45:01 НАЧИНАЮ работу
26.07.2020 23:45:01 ЗАВЕРШАЮ работу
26.07.2020 23:46:02 НАЧИНАЮ работу
26.07.2020 23:46:02 ЗАВЕРШАЮ работу
26.07.2020 23:47:01 НАЧИНАЮ работу
26.07.2020 23:47:01 ЗАВЕРШАЮ работу
26.07.2020 23:48:01 НАЧИНАЮ работу
26.07.2020 23:48:01 ЗАВЕРШАЮ работу
26.07.2020 23:49:01 НАЧИНАЮ работу
26.07.2020 23:49:01 ЗАВЕРШАЮ работу
26.07.2020 23:50:02 НАЧИНАЮ работу
26.07.2020 23:50:02 ЗАВЕРШАЮ работу
26.07.2020 23:51:01 НАЧИНАЮ работу
26.07.2020 23:51:01 ЗАВЕРШАЮ работу
26.07.2020 23:52:01 НАЧИНАЮ работу
26.07.2020 23:52:01 ЗАВЕРШАЮ работу
26.07.2020 23:53:01 НАЧИНАЮ работу
26.07.2020 23:53:01 ЗАВЕРШАЮ работу
26.07.2020 23:54:02 НАЧИНАЮ работу
26.07.2020 23:54:02 ЗАВЕРШАЮ работу
26.07.2020 23:55:01 НАЧИНАЮ работу
26.07.2020 23:55:01 ЗАВЕРШАЮ работу
26.07.2020 23:56:01 НАЧИНАЮ работу
26.07.2020 23:56:01 ЗАВЕРШАЮ работу
26.07.2020 23:57:01 НАЧИНАЮ работу
26.07.2020 23:57:01 ЗАВЕРШАЮ работу
26.07.2020 23:58:01 НАЧИНАЮ работу
26.07.2020 23:58:01 ЗАВЕРШАЮ работу
26.07.2020 23:59:01 НАЧИНАЮ работу
26.07.2020 23:59:01 ЗАВЕРШАЮ работу
27.07.2020 00:00:01 НАЧИНАЮ работу
27.07.2020 00:00:01 ЗАВЕРШАЮ работу
27.07.2020 00:01:01 НАЧИНАЮ работу
27.07.2020 00:01:01 ЗАВЕРШАЮ работу
27.07.2020 00:02:02 НАЧИНАЮ работу
27.07.2020 00:02:02 ЗАВЕРШАЮ работу
27.07.2020 00:03:01 НАЧИНАЮ работу
27.07.2020 00:03:01 ЗАВЕРШАЮ работу
27.07.2020 00:04:01 НАЧИНАЮ работу
27.07.2020 00:04:01 ЗАВЕРШАЮ работу
27.07.2020 00:05:01 НАЧИНАЮ работу
27.07.2020 00:05:01 ЗАВЕРШАЮ работу
27.07.2020 00:06:02 НАЧИНАЮ работу
27.07.2020 00:06:02 ЗАВЕРШАЮ работу
27.07.2020 00:07:01 НАЧИНАЮ работу
27.07.2020 00:07:01 ЗАВЕРШАЮ работу
27.07.2020 00:08:01 НАЧИНАЮ работу
27.07.2020 00:08:01 ЗАВЕРШАЮ работу
27.07.2020 00:09:01 НАЧИНАЮ работу
27.07.2020 00:09:01 ЗАВЕРШАЮ работу
27.07.2020 00:10:02 НАЧИНАЮ работу
27.07.2020 00:10:02 ЗАВЕРШАЮ работу
27.07.2020 00:11:01 НАЧИНАЮ работу
27.07.2020 00:11:01 ЗАВЕРШАЮ работу
27.07.2020 00:12:01 НАЧИНАЮ работу
27.07.2020 00:12:01 ЗАВЕРШАЮ работу
27.07.2020 00:13:02 НАЧИНАЮ работу
27.07.2020 00:13:02 ЗАВЕРШАЮ работу
27.07.2020 00:14:01 НАЧИНАЮ работу
27.07.2020 00:14:01 ЗАВЕРШАЮ работу
27.07.2020 00:15:01 НАЧИНАЮ работу
27.07.2020 00:15:01 ЗАВЕРШАЮ работу
27.07.2020 00:16:01 НАЧИНАЮ работу
27.07.2020 00:16:01 ЗАВЕРШАЮ работу
27.07.2020 00:17:02 НАЧИНАЮ работу
27.07.2020 00:17:02 ЗАВЕРШАЮ работу
27.07.2020 00:18:01 НАЧИНАЮ работу
27.07.2020 00:18:01 ЗАВЕРШАЮ работу
27.07.2020 00:19:01 НАЧИНАЮ работу
27.07.2020 00:19:01 ЗАВЕРШАЮ работу
27.07.2020 00:20:01 НАЧИНАЮ работу
27.07.2020 00:20:01 ЗАВЕРШАЮ работу
27.07.2020 00:21:02 НАЧИНАЮ работу
27.07.2020 00:21:02 ЗАВЕРШАЮ работу
27.07.2020 00:22:01 НАЧИНАЮ работу
27.07.2020 00:22:01 ЗАВЕРШАЮ работу
27.07.2020 00:23:01 НАЧИНАЮ работу
27.07.2020 00:23:01 ЗАВЕРШАЮ работу
27.07.2020 00:24:02 НАЧИНАЮ работу
27.07.2020 00:24:02 ЗАВЕРШАЮ работу
27.07.2020 00:25:01 НАЧИНАЮ работу
27.07.2020 00:25:01 ЗАВЕРШАЮ работу
27.07.2020 00:26:01 НАЧИНАЮ работу
27.07.2020 00:26:01 ЗАВЕРШАЮ работу
27.07.2020 00:27:01 НАЧИНАЮ работу
27.07.2020 00:27:01 ЗАВЕРШАЮ работу
27.07.2020 00:28:02 НАЧИНАЮ работу
27.07.2020 00:28:02 ЗАВЕРШАЮ работу
27.07.2020 00:29:01 НАЧИНАЮ работу
27.07.2020 00:29:01 ЗАВЕРШАЮ работу
27.07.2020 00:30:01 НАЧИНАЮ работу
27.07.2020 00:30:01 ЗАВЕРШАЮ работу
27.07.2020 00:31:02 НАЧИНАЮ работу
27.07.2020 00:31:02 ЗАВЕРШАЮ работу
27.07.2020 00:32:01 НАЧИНАЮ работу
27.07.2020 00:32:01 ЗАВЕРШАЮ работу
27.07.2020 00:33:01 НАЧИНАЮ работу
27.07.2020 00:33:01 ЗАВЕРШАЮ работу
27.07.2020 00:34:01 НАЧИНАЮ работу
27.07.2020 00:34:01 ЗАВЕРШАЮ работу
27.07.2020 00:35:02 НАЧИНАЮ работу
27.07.2020 00:35:02 ЗАВЕРШАЮ работу
27.07.2020 00:36:01 НАЧИНАЮ работу
27.07.2020 00:36:01 ЗАВЕРШАЮ работу
27.07.2020 00:37:01 НАЧИНАЮ работу
27.07.2020 00:37:01 ЗАВЕРШАЮ работу
27.07.2020 00:38:01 НАЧИНАЮ работу
27.07.2020 00:38:01 ЗАВЕРШАЮ работу
27.07.2020 00:39:02 НАЧИНАЮ работу
27.07.2020 00:39:02 ЗАВЕРШАЮ работу
27.07.2020 00:40:01 НАЧИНАЮ работу
27.07.2020 00:40:01 ЗАВЕРШАЮ работу
27.07.2020 00:41:01 НАЧИНАЮ работу
27.07.2020 00:41:01 ЗАВЕРШАЮ работу
27.07.2020 00:42:02 НАЧИНАЮ работу
27.07.2020 00:42:02 ЗАВЕРШАЮ работу
27.07.2020 00:43:01 НАЧИНАЮ работу
27.07.2020 00:43:01 ЗАВЕРШАЮ работу
27.07.2020 00:44:01 НАЧИНАЮ работу
27.07.2020 00:44:01 ЗАВЕРШАЮ работу
27.07.2020 00:45:01 НАЧИНАЮ работу
27.07.2020 00:45:01 ЗАВЕРШАЮ работу
27.07.2020 00:46:02 НАЧИНАЮ работу
27.07.2020 00:46:02 ЗАВЕРШАЮ работу
27.07.2020 00:47:01 НАЧИНАЮ работу
27.07.2020 00:47:01 ЗАВЕРШАЮ работу
27.07.2020 00:48:01 НАЧИНАЮ работу
27.07.2020 00:48:01 ЗАВЕРШАЮ работу
27.07.2020 00:49:01 НАЧИНАЮ работу
27.07.2020 00:49:01 ЗАВЕРШАЮ работу
27.07.2020 00:50:02 НАЧИНАЮ работу
27.07.2020 00:50:02 ЗАВЕРШАЮ работу
27.07.2020 00:51:01 НАЧИНАЮ работу
27.07.2020 00:51:01 ЗАВЕРШАЮ работу
27.07.2020 00:52:01 НАЧИНАЮ работу
27.07.2020 00:52:01 ЗАВЕРШАЮ работу
27.07.2020 00:53:02 НАЧИНАЮ работу
27.07.2020 00:53:02 ЗАВЕРШАЮ работу
27.07.2020 00:54:01 НАЧИНАЮ работу
27.07.2020 00:54:01 ЗАВЕРШАЮ работу
27.07.2020 00:55:01 НАЧИНАЮ работу
27.07.2020 00:55:01 ЗАВЕРШАЮ работу
27.07.2020 00:56:01 НАЧИНАЮ работу
27.07.2020 00:56:01 ЗАВЕРШАЮ работу
27.07.2020 00:57:02 НАЧИНАЮ работу
27.07.2020 00:57:02 ЗАВЕРШАЮ работу
27.07.2020 00:58:01 НАЧИНАЮ работу
27.07.2020 00:58:01 ЗАВЕРШАЮ работу
27.07.2020 00:59:01 НАЧИНАЮ работу
27.07.2020 00:59:01 ЗАВЕРШАЮ работу
27.07.2020 01:00:02 НАЧИНАЮ работу
27.07.2020 01:00:02 ЗАВЕРШАЮ работу
27.07.2020 01:01:01 НАЧИНАЮ работу
27.07.2020 01:01:01 ЗАВЕРШАЮ работу
27.07.2020 01:02:01 НАЧИНАЮ работу
27.07.2020 01:02:01 ЗАВЕРШАЮ работу
27.07.2020 01:03:01 НАЧИНАЮ работу
27.07.2020 01:03:01 ЗАВЕРШАЮ работу
27.07.2020 01:04:02 НАЧИНАЮ работу
27.07.2020 01:04:02 ЗАВЕРШАЮ работу
27.07.2020 01:05:01 НАЧИНАЮ работу
27.07.2020 01:05:01 ЗАВЕРШАЮ работу
27.07.2020 01:06:01 НАЧИНАЮ работу
27.07.2020 01:06:01 ЗАВЕРШАЮ работу
27.07.2020 01:07:01 НАЧИНАЮ работу
27.07.2020 01:07:01 ЗАВЕРШАЮ работу
27.07.2020 01:08:02 НАЧИНАЮ работу
27.07.2020 01:08:02 ЗАВЕРШАЮ работу
27.07.2020 01:09:01 НАЧИНАЮ работу
27.07.2020 01:09:01 ЗАВЕРШАЮ работу
27.07.2020 01:10:01 НАЧИНАЮ работу
27.07.2020 01:10:01 ЗАВЕРШАЮ работу
27.07.2020 01:11:02 НАЧИНАЮ работу
27.07.2020 01:11:02 ЗАВЕРШАЮ работу
27.07.2020 01:12:01 НАЧИНАЮ работу
27.07.2020 01:12:01 ЗАВЕРШАЮ работу
27.07.2020 01:13:01 НАЧИНАЮ работу
27.07.2020 01:13:01 ЗАВЕРШАЮ работу
27.07.2020 01:14:01 НАЧИНАЮ работу
27.07.2020 01:14:01 ЗАВЕРШАЮ работу
27.07.2020 01:15:02 НАЧИНАЮ работу
27.07.2020 01:15:02 ЗАВЕРШАЮ работу
27.07.2020 01:16:01 НАЧИНАЮ работу
27.07.2020 01:16:01 ЗАВЕРШАЮ работу
27.07.2020 01:17:01 НАЧИНАЮ работу
27.07.2020 01:17:01 ЗАВЕРШАЮ работу
27.07.2020 01:18:01 НАЧИНАЮ работу
27.07.2020 01:18:01 ЗАВЕРШАЮ работу
27.07.2020 01:19:02 НАЧИНАЮ работу
27.07.2020 01:19:02 ЗАВЕРШАЮ работу
27.07.2020 01:20:01 НАЧИНАЮ работу
27.07.2020 01:20:01 ЗАВЕРШАЮ работу
27.07.2020 01:21:01 НАЧИНАЮ работу
27.07.2020 01:21:01 ЗАВЕРШАЮ работу
27.07.2020 01:22:02 НАЧИНАЮ работу
27.07.2020 01:22:02 ЗАВЕРШАЮ работу
27.07.2020 01:23:01 НАЧИНАЮ работу
27.07.2020 01:23:01 ЗАВЕРШАЮ работу
27.07.2020 01:24:01 НАЧИНАЮ работу
27.07.2020 01:24:01 ЗАВЕРШАЮ работу
27.07.2020 01:25:01 НАЧИНАЮ работу
27.07.2020 01:25:01 ЗАВЕРШАЮ работу
27.07.2020 01:26:02 НАЧИНАЮ работу
27.07.2020 01:26:02 ЗАВЕРШАЮ работу
27.07.2020 01:27:01 НАЧИНАЮ работу
27.07.2020 01:27:01 ЗАВЕРШАЮ работу
27.07.2020 01:28:01 НАЧИНАЮ работу
27.07.2020 01:28:01 ЗАВЕРШАЮ работу
27.07.2020 01:29:02 НАЧИНАЮ работу
27.07.2020 01:29:02 ЗАВЕРШАЮ работу
27.07.2020 01:30:01 НАЧИНАЮ работу
27.07.2020 01:30:01 ЗАВЕРШАЮ работу
27.07.2020 01:31:01 НАЧИНАЮ работу
27.07.2020 01:31:01 ЗАВЕРШАЮ работу
27.07.2020 01:32:01 НАЧИНАЮ работу
27.07.2020 01:32:01 ЗАВЕРШАЮ работу
27.07.2020 01:33:02 НАЧИНАЮ работу
27.07.2020 01:33:02 ЗАВЕРШАЮ работу
27.07.2020 01:34:01 НАЧИНАЮ работу
27.07.2020 01:34:01 ЗАВЕРШАЮ работу
27.07.2020 01:35:01 НАЧИНАЮ работу
27.07.2020 01:35:01 ЗАВЕРШАЮ работу
27.07.2020 01:36:01 НАЧИНАЮ работу
27.07.2020 01:36:01 ЗАВЕРШАЮ работу
27.07.2020 01:37:02 НАЧИНАЮ работу
27.07.2020 01:37:02 ЗАВЕРШАЮ работу
27.07.2020 01:38:01 НАЧИНАЮ работу
27.07.2020 01:38:01 ЗАВЕРШАЮ работу
27.07.2020 01:39:01 НАЧИНАЮ работу
27.07.2020 01:39:01 ЗАВЕРШАЮ работу
27.07.2020 01:40:02 НАЧИНАЮ работу
27.07.2020 01:40:02 ЗАВЕРШАЮ работу
27.07.2020 01:41:01 НАЧИНАЮ работу
27.07.2020 01:41:01 ЗАВЕРШАЮ работу
27.07.2020 01:42:01 НАЧИНАЮ работу
27.07.2020 01:42:01 ЗАВЕРШАЮ работу
27.07.2020 01:43:01 НАЧИНАЮ работу
27.07.2020 01:43:01 ЗАВЕРШАЮ работу
27.07.2020 01:44:02 НАЧИНАЮ работу
27.07.2020 01:44:02 ЗАВЕРШАЮ работу
27.07.2020 01:45:01 НАЧИНАЮ работу
27.07.2020 01:45:01 ЗАВЕРШАЮ работу
27.07.2020 01:46:01 НАЧИНАЮ работу
27.07.2020 01:46:01 ЗАВЕРШАЮ работу
27.07.2020 01:47:01 НАЧИНАЮ работу
27.07.2020 01:47:01 ЗАВЕРШАЮ работу
27.07.2020 01:48:02 НАЧИНАЮ работу
27.07.2020 01:48:02 ЗАВЕРШАЮ работу
27.07.2020 01:49:01 НАЧИНАЮ работу
27.07.2020 01:49:01 ЗАВЕРШАЮ работу
27.07.2020 01:50:01 НАЧИНАЮ работу
27.07.2020 01:50:01 ЗАВЕРШАЮ работу
27.07.2020 01:51:02 НАЧИНАЮ работу
27.07.2020 01:51:02 ЗАВЕРШАЮ работу
27.07.2020 01:52:01 НАЧИНАЮ работу
27.07.2020 01:52:01 ЗАВЕРШАЮ работу
27.07.2020 01:53:01 НАЧИНАЮ работу
27.07.2020 01:53:01 ЗАВЕРШАЮ работу
27.07.2020 01:54:01 НАЧИНАЮ работу
27.07.2020 01:54:01 ЗАВЕРШАЮ работу
27.07.2020 01:55:02 НАЧИНАЮ работу
27.07.2020 01:55:02 ЗАВЕРШАЮ работу
27.07.2020 01:56:01 НАЧИНАЮ работу
27.07.2020 01:56:01 ЗАВЕРШАЮ работу
27.07.2020 01:57:01 НАЧИНАЮ работу
27.07.2020 01:57:01 ЗАВЕРШАЮ работу
27.07.2020 01:58:01 НАЧИНАЮ работу
27.07.2020 01:58:01 ЗАВЕРШАЮ работу
27.07.2020 01:59:02 НАЧИНАЮ работу
27.07.2020 01:59:02 ЗАВЕРШАЮ работу
27.07.2020 02:00:01 НАЧИНАЮ работу
27.07.2020 02:00:01 ЗАВЕРШАЮ работу
27.07.2020 02:01:01 НАЧИНАЮ работу
27.07.2020 02:01:01 ЗАВЕРШАЮ работу
27.07.2020 02:02:02 НАЧИНАЮ работу
27.07.2020 02:02:02 ЗАВЕРШАЮ работу
27.07.2020 02:03:01 НАЧИНАЮ работу
27.07.2020 02:03:01 ЗАВЕРШАЮ работу
27.07.2020 02:04:01 НАЧИНАЮ работу
27.07.2020 02:04:01 ЗАВЕРШАЮ работу
27.07.2020 02:05:01 НАЧИНАЮ работу
27.07.2020 02:05:01 ЗАВЕРШАЮ работу
27.07.2020 02:06:02 НАЧИНАЮ работу
27.07.2020 02:06:02 ЗАВЕРШАЮ работу
27.07.2020 02:07:01 НАЧИНАЮ работу
27.07.2020 02:07:01 ЗАВЕРШАЮ работу
27.07.2020 02:08:01 НАЧИНАЮ работу
27.07.2020 02:08:01 ЗАВЕРШАЮ работу
27.07.2020 02:09:02 НАЧИНАЮ работу
27.07.2020 02:09:02 ЗАВЕРШАЮ работу
27.07.2020 02:10:01 НАЧИНАЮ работу
27.07.2020 02:10:01 ЗАВЕРШАЮ работу
27.07.2020 02:11:01 НАЧИНАЮ работу
27.07.2020 02:11:01 ЗАВЕРШАЮ работу
27.07.2020 02:12:01 НАЧИНАЮ работу
27.07.2020 02:12:01 ЗАВЕРШАЮ работу
27.07.2020 02:13:02 НАЧИНАЮ работу
27.07.2020 02:13:02 ЗАВЕРШАЮ работу
27.07.2020 02:14:01 НАЧИНАЮ работу
27.07.2020 02:14:01 ЗАВЕРШАЮ работу
27.07.2020 02:15:01 НАЧИНАЮ работу
27.07.2020 02:15:01 ЗАВЕРШАЮ работу
27.07.2020 02:16:01 НАЧИНАЮ работу
27.07.2020 02:16:01 ЗАВЕРШАЮ работу
27.07.2020 02:17:02 НАЧИНАЮ работу
27.07.2020 02:17:02 ЗАВЕРШАЮ работу
27.07.2020 02:18:01 НАЧИНАЮ работу
27.07.2020 02:18:01 ЗАВЕРШАЮ работу
27.07.2020 02:19:01 НАЧИНАЮ работу
27.07.2020 02:19:01 ЗАВЕРШАЮ работу
27.07.2020 02:20:02 НАЧИНАЮ работу
27.07.2020 02:20:02 ЗАВЕРШАЮ работу
27.07.2020 02:21:01 НАЧИНАЮ работу
27.07.2020 02:21:01 ЗАВЕРШАЮ работу
27.07.2020 02:22:01 НАЧИНАЮ работу
27.07.2020 02:22:01 ЗАВЕРШАЮ работу
27.07.2020 02:23:01 НАЧИНАЮ работу
27.07.2020 02:23:01 ЗАВЕРШАЮ работу
27.07.2020 02:24:02 НАЧИНАЮ работу
27.07.2020 02:24:02 ЗАВЕРШАЮ работу
27.07.2020 02:25:01 НАЧИНАЮ работу
27.07.2020 02:25:01 ЗАВЕРШАЮ работу
27.07.2020 02:26:01 НАЧИНАЮ работу
27.07.2020 02:26:01 ЗАВЕРШАЮ работу
27.07.2020 02:27:01 НАЧИНАЮ работу
27.07.2020 02:27:01 ЗАВЕРШАЮ работу
27.07.2020 02:28:02 НАЧИНАЮ работу
27.07.2020 02:28:02 ЗАВЕРШАЮ работу
27.07.2020 02:29:01 НАЧИНАЮ работу
27.07.2020 02:29:01 ЗАВЕРШАЮ работу
27.07.2020 02:30:01 НАЧИНАЮ работу
27.07.2020 02:30:01 ЗАВЕРШАЮ работу
27.07.2020 02:31:02 НАЧИНАЮ работу
27.07.2020 02:31:02 ЗАВЕРШАЮ работу
27.07.2020 02:32:01 НАЧИНАЮ работу
27.07.2020 02:32:01 ЗАВЕРШАЮ работу
27.07.2020 02:33:01 НАЧИНАЮ работу
27.07.2020 02:33:01 ЗАВЕРШАЮ работу
27.07.2020 02:34:01 НАЧИНАЮ работу
27.07.2020 02:34:01 ЗАВЕРШАЮ работу
27.07.2020 02:35:02 НАЧИНАЮ работу
27.07.2020 02:35:02 ЗАВЕРШАЮ работу
27.07.2020 02:36:01 НАЧИНАЮ работу
27.07.2020 02:36:01 ЗАВЕРШАЮ работу
27.07.2020 02:37:01 НАЧИНАЮ работу
27.07.2020 02:37:01 ЗАВЕРШАЮ работу
27.07.2020 02:38:02 НАЧИНАЮ работу
27.07.2020 02:38:02 ЗАВЕРШАЮ работу
27.07.2020 02:39:01 НАЧИНАЮ работу
27.07.2020 02:39:01 ЗАВЕРШАЮ работу
27.07.2020 02:40:01 НАЧИНАЮ работу
27.07.2020 02:40:01 ЗАВЕРШАЮ работу
27.07.2020 02:41:01 НАЧИНАЮ работу
27.07.2020 02:41:01 ЗАВЕРШАЮ работу
27.07.2020 02:42:02 НАЧИНАЮ работу
27.07.2020 02:42:02 ЗАВЕРШАЮ работу
27.07.2020 02:43:01 НАЧИНАЮ работу
27.07.2020 02:43:01 ЗАВЕРШАЮ работу
27.07.2020 02:44:01 НАЧИНАЮ работу
27.07.2020 02:44:01 ЗАВЕРШАЮ работу
27.07.2020 02:45:01 НАЧИНАЮ работу
27.07.2020 02:45:01 ЗАВЕРШАЮ работу
27.07.2020 02:46:02 НАЧИНАЮ работу
27.07.2020 02:46:02 ЗАВЕРШАЮ работу
27.07.2020 02:47:01 НАЧИНАЮ работу
27.07.2020 02:47:01 ЗАВЕРШАЮ работу
27.07.2020 02:48:01 НАЧИНАЮ работу
27.07.2020 02:48:01 ЗАВЕРШАЮ работу
27.07.2020 02:49:02 НАЧИНАЮ работу
27.07.2020 02:49:02 ЗАВЕРШАЮ работу
27.07.2020 02:50:01 НАЧИНАЮ работу
27.07.2020 02:50:01 ЗАВЕРШАЮ работу
27.07.2020 02:51:01 НАЧИНАЮ работу
27.07.2020 02:51:01 ЗАВЕРШАЮ работу
27.07.2020 02:52:01 НАЧИНАЮ работу
27.07.2020 02:52:01 ЗАВЕРШАЮ работу
27.07.2020 02:53:02 НАЧИНАЮ работу
27.07.2020 02:53:02 ЗАВЕРШАЮ работу
27.07.2020 02:54:01 НАЧИНАЮ работу
27.07.2020 02:54:01 ЗАВЕРШАЮ работу
27.07.2020 02:55:01 НАЧИНАЮ работу
27.07.2020 02:55:01 ЗАВЕРШАЮ работу
27.07.2020 02:56:01 НАЧИНАЮ работу
27.07.2020 02:56:01 ЗАВЕРШАЮ работу
27.07.2020 02:57:02 НАЧИНАЮ работу
27.07.2020 02:57:02 ЗАВЕРШАЮ работу
27.07.2020 02:58:01 НАЧИНАЮ работу
27.07.2020 02:58:01 ЗАВЕРШАЮ работу
27.07.2020 02:59:01 НАЧИНАЮ работу
27.07.2020 02:59:01 ЗАВЕРШАЮ работу
27.07.2020 03:00:02 НАЧИНАЮ работу
27.07.2020 03:00:02 ЗАВЕРШАЮ работу
27.07.2020 03:01:01 НАЧИНАЮ работу
27.07.2020 03:01:01 ЗАВЕРШАЮ работу
27.07.2020 03:02:01 НАЧИНАЮ работу
27.07.2020 03:02:01 ЗАВЕРШАЮ работу
27.07.2020 03:03:01 НАЧИНАЮ работу
27.07.2020 03:03:01 ЗАВЕРШАЮ работу
27.07.2020 03:04:02 НАЧИНАЮ работу
27.07.2020 03:04:02 ЗАВЕРШАЮ работу
27.07.2020 03:05:01 НАЧИНАЮ работу
27.07.2020 03:05:01 ЗАВЕРШАЮ работу
27.07.2020 03:06:01 НАЧИНАЮ работу
27.07.2020 03:06:01 ЗАВЕРШАЮ работу
27.07.2020 03:07:02 НАЧИНАЮ работу
27.07.2020 03:07:02 ЗАВЕРШАЮ работу
27.07.2020 03:08:01 НАЧИНАЮ работу
27.07.2020 03:08:01 ЗАВЕРШАЮ работу
27.07.2020 03:09:01 НАЧИНАЮ работу
27.07.2020 03:09:01 ЗАВЕРШАЮ работу
27.07.2020 03:10:01 НАЧИНАЮ работу
27.07.2020 03:10:01 ЗАВЕРШАЮ работу
27.07.2020 03:11:02 НАЧИНАЮ работу
27.07.2020 03:11:02 ЗАВЕРШАЮ работу
27.07.2020 03:12:01 НАЧИНАЮ работу
27.07.2020 03:12:01 ЗАВЕРШАЮ работу
27.07.2020 03:13:01 НАЧИНАЮ работу
27.07.2020 03:13:01 ЗАВЕРШАЮ работу
27.07.2020 03:14:01 НАЧИНАЮ работу
27.07.2020 03:14:01 ЗАВЕРШАЮ работу
27.07.2020 03:15:02 НАЧИНАЮ работу
27.07.2020 03:15:02 ЗАВЕРШАЮ работу
27.07.2020 03:16:01 НАЧИНАЮ работу
27.07.2020 03:16:01 ЗАВЕРШАЮ работу
27.07.2020 03:17:01 НАЧИНАЮ работу
27.07.2020 03:17:01 ЗАВЕРШАЮ работу
27.07.2020 03:18:02 НАЧИНАЮ работу
27.07.2020 03:18:02 ЗАВЕРШАЮ работу
27.07.2020 03:19:01 НАЧИНАЮ работу
27.07.2020 03:19:01 ЗАВЕРШАЮ работу
27.07.2020 03:20:01 НАЧИНАЮ работу
27.07.2020 03:20:01 ЗАВЕРШАЮ работу
27.07.2020 03:21:01 НАЧИНАЮ работу
27.07.2020 03:21:01 ЗАВЕРШАЮ работу
27.07.2020 03:22:02 НАЧИНАЮ работу
27.07.2020 03:22:02 ЗАВЕРШАЮ работу
27.07.2020 03:23:01 НАЧИНАЮ работу
27.07.2020 03:23:01 ЗАВЕРШАЮ работу
27.07.2020 03:24:01 НАЧИНАЮ работу
27.07.2020 03:24:01 ЗАВЕРШАЮ работу
27.07.2020 03:25:02 НАЧИНАЮ работу
27.07.2020 03:25:02 ЗАВЕРШАЮ работу
27.07.2020 03:26:01 НАЧИНАЮ работу
27.07.2020 03:26:01 ЗАВЕРШАЮ работу
27.07.2020 03:27:01 НАЧИНАЮ работу
27.07.2020 03:27:01 ЗАВЕРШАЮ работу
27.07.2020 03:28:01 НАЧИНАЮ работу
27.07.2020 03:28:01 ЗАВЕРШАЮ работу
27.07.2020 03:29:02 НАЧИНАЮ работу
27.07.2020 03:29:02 ЗАВЕРШАЮ работу
27.07.2020 03:30:01 НАЧИНАЮ работу
27.07.2020 03:30:01 ЗАВЕРШАЮ работу
27.07.2020 03:31:01 НАЧИНАЮ работу
27.07.2020 03:31:01 ЗАВЕРШАЮ работу
27.07.2020 03:32:01 НАЧИНАЮ работу
27.07.2020 03:32:01 ЗАВЕРШАЮ работу
27.07.2020 03:33:01 НАЧИНАЮ работу
27.07.2020 03:33:01 ЗАВЕРШАЮ работу
27.07.2020 03:34:01 НАЧИНАЮ работу
27.07.2020 03:34:01 ЗАВЕРШАЮ работу
27.07.2020 03:35:01 НАЧИНАЮ работу
27.07.2020 03:35:01 ЗАВЕРШАЮ работу
27.07.2020 03:36:02 НАЧИНАЮ работу
27.07.2020 03:36:02 ЗАВЕРШАЮ работу
27.07.2020 03:37:01 НАЧИНАЮ работу
27.07.2020 03:37:01 ЗАВЕРШАЮ работу
27.07.2020 03:38:01 НАЧИНАЮ работу
27.07.2020 03:38:01 ЗАВЕРШАЮ работу
27.07.2020 03:39:01 НАЧИНАЮ работу
27.07.2020 03:39:01 ЗАВЕРШАЮ работу
27.07.2020 03:40:02 НАЧИНАЮ работу
27.07.2020 03:40:02 ЗАВЕРШАЮ работу
27.07.2020 03:41:01 НАЧИНАЮ работу
27.07.2020 03:41:01 ЗАВЕРШАЮ работу
27.07.2020 03:42:01 НАЧИНАЮ работу
27.07.2020 03:42:01 ЗАВЕРШАЮ работу
27.07.2020 03:43:02 НАЧИНАЮ работу
27.07.2020 03:43:02 ЗАВЕРШАЮ работу
27.07.2020 03:44:01 НАЧИНАЮ работу
27.07.2020 03:44:01 ЗАВЕРШАЮ работу
27.07.2020 03:45:01 НАЧИНАЮ работу
27.07.2020 03:45:01 ЗАВЕРШАЮ работу
27.07.2020 03:46:01 НАЧИНАЮ работу
27.07.2020 03:46:01 ЗАВЕРШАЮ работу
27.07.2020 03:47:02 НАЧИНАЮ работу
27.07.2020 03:47:02 ЗАВЕРШАЮ работу
27.07.2020 03:48:01 НАЧИНАЮ работу
27.07.2020 03:48:01 ЗАВЕРШАЮ работу
27.07.2020 03:49:01 НАЧИНАЮ работу
27.07.2020 03:49:01 ЗАВЕРШАЮ работу
27.07.2020 03:50:01 НАЧИНАЮ работу
27.07.2020 03:50:01 ЗАВЕРШАЮ работу
27.07.2020 03:51:02 НАЧИНАЮ работу
27.07.2020 03:51:02 ЗАВЕРШАЮ работу
27.07.2020 03:52:01 НАЧИНАЮ работу
27.07.2020 03:52:01 ЗАВЕРШАЮ работу
27.07.2020 03:53:01 НАЧИНАЮ работу
27.07.2020 03:53:01 ЗАВЕРШАЮ работу
27.07.2020 03:54:02 НАЧИНАЮ работу
27.07.2020 03:54:02 ЗАВЕРШАЮ работу
27.07.2020 03:55:01 НАЧИНАЮ работу
27.07.2020 03:55:01 ЗАВЕРШАЮ работу
27.07.2020 03:56:01 НАЧИНАЮ работу
27.07.2020 03:56:01 ЗАВЕРШАЮ работу
27.07.2020 03:57:01 НАЧИНАЮ работу
27.07.2020 03:57:01 ЗАВЕРШАЮ работу
27.07.2020 03:58:02 НАЧИНАЮ работу
27.07.2020 03:58:02 ЗАВЕРШАЮ работу
27.07.2020 03:59:01 НАЧИНАЮ работу
27.07.2020 03:59:01 ЗАВЕРШАЮ работу
27.07.2020 04:00:01 НАЧИНАЮ работу
27.07.2020 04:00:01 ЗАВЕРШАЮ работу
27.07.2020 04:01:02 НАЧИНАЮ работу
27.07.2020 04:01:02 ЗАВЕРШАЮ работу
27.07.2020 04:02:01 НАЧИНАЮ работу
27.07.2020 04:02:01 ЗАВЕРШАЮ работу
27.07.2020 04:03:01 НАЧИНАЮ работу
27.07.2020 04:03:01 ЗАВЕРШАЮ работу
27.07.2020 04:04:01 НАЧИНАЮ работу
27.07.2020 04:04:01 ЗАВЕРШАЮ работу
27.07.2020 04:05:02 НАЧИНАЮ работу
27.07.2020 04:05:02 ЗАВЕРШАЮ работу
27.07.2020 04:06:01 НАЧИНАЮ работу
27.07.2020 04:06:01 ЗАВЕРШАЮ работу
27.07.2020 04:07:01 НАЧИНАЮ работу
27.07.2020 04:07:01 ЗАВЕРШАЮ работу
27.07.2020 04:08:01 НАЧИНАЮ работу
27.07.2020 04:08:01 ЗАВЕРШАЮ работу
27.07.2020 04:09:02 НАЧИНАЮ работу
27.07.2020 04:09:02 ЗАВЕРШАЮ работу
27.07.2020 04:10:01 НАЧИНАЮ работу
27.07.2020 04:10:01 ЗАВЕРШАЮ работу
27.07.2020 04:11:01 НАЧИНАЮ работу
27.07.2020 04:11:01 ЗАВЕРШАЮ работу
27.07.2020 04:12:02 НАЧИНАЮ работу
27.07.2020 04:12:02 ЗАВЕРШАЮ работу
27.07.2020 04:13:01 НАЧИНАЮ работу
27.07.2020 04:13:01 ЗАВЕРШАЮ работу
27.07.2020 04:14:01 НАЧИНАЮ работу
27.07.2020 04:14:01 ЗАВЕРШАЮ работу
27.07.2020 04:15:01 НАЧИНАЮ работу
27.07.2020 04:15:01 ЗАВЕРШАЮ работу
27.07.2020 04:16:02 НАЧИНАЮ работу
27.07.2020 04:16:02 ЗАВЕРШАЮ работу
27.07.2020 04:17:01 НАЧИНАЮ работу
27.07.2020 04:17:01 ЗАВЕРШАЮ работу
27.07.2020 04:18:01 НАЧИНАЮ работу
27.07.2020 04:18:01 ЗАВЕРШАЮ работу
27.07.2020 04:19:01 НАЧИНАЮ работу
27.07.2020 04:19:01 ЗАВЕРШАЮ работу
27.07.2020 04:20:02 НАЧИНАЮ работу
27.07.2020 04:20:02 ЗАВЕРШАЮ работу
27.07.2020 04:21:01 НАЧИНАЮ работу
27.07.2020 04:21:01 ЗАВЕРШАЮ работу
27.07.2020 04:22:01 НАЧИНАЮ работу
27.07.2020 04:22:01 ЗАВЕРШАЮ работу
27.07.2020 04:23:02 НАЧИНАЮ работу
27.07.2020 04:23:02 ЗАВЕРШАЮ работу
27.07.2020 04:24:01 НАЧИНАЮ работу
27.07.2020 04:24:01 ЗАВЕРШАЮ работу
27.07.2020 04:25:01 НАЧИНАЮ работу
27.07.2020 04:25:01 ЗАВЕРШАЮ работу
27.07.2020 04:26:01 НАЧИНАЮ работу
27.07.2020 04:26:01 ЗАВЕРШАЮ работу
27.07.2020 04:27:02 НАЧИНАЮ работу
27.07.2020 04:27:02 ЗАВЕРШАЮ работу
27.07.2020 04:28:01 НАЧИНАЮ работу
27.07.2020 04:28:01 ЗАВЕРШАЮ работу
27.07.2020 04:29:01 НАЧИНАЮ работу
27.07.2020 04:29:01 ЗАВЕРШАЮ работу
27.07.2020 04:30:02 НАЧИНАЮ работу
27.07.2020 04:30:02 ЗАВЕРШАЮ работу
27.07.2020 04:31:01 НАЧИНАЮ работу
27.07.2020 04:31:01 ЗАВЕРШАЮ работу
27.07.2020 04:32:01 НАЧИНАЮ работу
27.07.2020 04:32:01 ЗАВЕРШАЮ работу
27.07.2020 04:33:01 НАЧИНАЮ работу
27.07.2020 04:33:01 ЗАВЕРШАЮ работу
27.07.2020 04:34:02 НАЧИНАЮ работу
27.07.2020 04:34:02 ЗАВЕРШАЮ работу
27.07.2020 04:35:01 НАЧИНАЮ работу
27.07.2020 04:35:01 ЗАВЕРШАЮ работу
27.07.2020 04:36:01 НАЧИНАЮ работу
27.07.2020 04:36:01 ЗАВЕРШАЮ работу
27.07.2020 04:37:01 НАЧИНАЮ работу
27.07.2020 04:37:01 ЗАВЕРШАЮ работу
27.07.2020 04:38:02 НАЧИНАЮ работу
27.07.2020 04:38:02 ЗАВЕРШАЮ работу
27.07.2020 04:39:01 НАЧИНАЮ работу
27.07.2020 04:39:01 ЗАВЕРШАЮ работу
27.07.2020 04:40:01 НАЧИНАЮ работу
27.07.2020 04:40:01 ЗАВЕРШАЮ работу
27.07.2020 04:41:02 НАЧИНАЮ работу
27.07.2020 04:41:02 ЗАВЕРШАЮ работу
27.07.2020 04:42:01 НАЧИНАЮ работу
27.07.2020 04:42:01 ЗАВЕРШАЮ работу
27.07.2020 04:43:01 НАЧИНАЮ работу
27.07.2020 04:43:01 ЗАВЕРШАЮ работу
27.07.2020 04:44:01 НАЧИНАЮ работу
27.07.2020 04:44:01 ЗАВЕРШАЮ работу
27.07.2020 04:45:02 НАЧИНАЮ работу
27.07.2020 04:45:02 ЗАВЕРШАЮ работу
27.07.2020 04:46:01 НАЧИНАЮ работу
27.07.2020 04:46:01 ЗАВЕРШАЮ работу
27.07.2020 04:47:01 НАЧИНАЮ работу
27.07.2020 04:47:01 ЗАВЕРШАЮ работу
27.07.2020 04:48:01 НАЧИНАЮ работу
27.07.2020 04:48:01 ЗАВЕРШАЮ работу
27.07.2020 04:49:01 НАЧИНАЮ работу
27.07.2020 04:49:01 ЗАВЕРШАЮ работу
27.07.2020 04:50:01 НАЧИНАЮ работу
27.07.2020 04:50:01 ЗАВЕРШАЮ работу
27.07.2020 04:51:01 НАЧИНАЮ работу
27.07.2020 04:51:01 ЗАВЕРШАЮ работу
27.07.2020 04:52:02 НАЧИНАЮ работу
27.07.2020 04:52:02 ЗАВЕРШАЮ работу
27.07.2020 04:53:01 НАЧИНАЮ работу
27.07.2020 04:53:01 ЗАВЕРШАЮ работу
27.07.2020 04:54:01 НАЧИНАЮ работу
27.07.2020 04:54:01 ЗАВЕРШАЮ работу
27.07.2020 04:55:01 НАЧИНАЮ работу
27.07.2020 04:55:01 ЗАВЕРШАЮ работу
27.07.2020 04:56:02 НАЧИНАЮ работу
27.07.2020 04:56:02 ЗАВЕРШАЮ работу
27.07.2020 04:57:01 НАЧИНАЮ работу
27.07.2020 04:57:01 ЗАВЕРШАЮ работу
27.07.2020 04:58:01 НАЧИНАЮ работу
27.07.2020 04:58:01 ЗАВЕРШАЮ работу
27.07.2020 04:59:02 НАЧИНАЮ работу
27.07.2020 04:59:02 ЗАВЕРШАЮ работу
27.07.2020 05:00:01 НАЧИНАЮ работу
27.07.2020 05:00:01 ЗАВЕРШАЮ работу
27.07.2020 05:01:01 НАЧИНАЮ работу
27.07.2020 05:01:01 ЗАВЕРШАЮ работу
27.07.2020 05:02:01 НАЧИНАЮ работу
27.07.2020 05:02:01 ЗАВЕРШАЮ работу
27.07.2020 05:03:02 НАЧИНАЮ работу
27.07.2020 05:03:02 ЗАВЕРШАЮ работу
27.07.2020 05:04:01 НАЧИНАЮ работу
27.07.2020 05:04:01 ЗАВЕРШАЮ работу
27.07.2020 05:05:01 НАЧИНАЮ работу
27.07.2020 05:05:01 ЗАВЕРШАЮ работу
27.07.2020 05:06:01 НАЧИНАЮ работу
27.07.2020 05:06:01 ЗАВЕРШАЮ работу
27.07.2020 05:07:02 НАЧИНАЮ работу
27.07.2020 05:07:02 ЗАВЕРШАЮ работу
27.07.2020 05:08:01 НАЧИНАЮ работу
27.07.2020 05:08:01 ЗАВЕРШАЮ работу
27.07.2020 05:09:01 НАЧИНАЮ работу
27.07.2020 05:09:01 ЗАВЕРШАЮ работу
27.07.2020 05:10:02 НАЧИНАЮ работу
27.07.2020 05:10:02 ЗАВЕРШАЮ работу
27.07.2020 05:11:01 НАЧИНАЮ работу
27.07.2020 05:11:01 ЗАВЕРШАЮ работу
27.07.2020 05:12:01 НАЧИНАЮ работу
27.07.2020 05:12:01 ЗАВЕРШАЮ работу
27.07.2020 05:13:01 НАЧИНАЮ работу
27.07.2020 05:13:01 ЗАВЕРШАЮ работу
27.07.2020 05:14:02 НАЧИНАЮ работу
27.07.2020 05:14:02 ЗАВЕРШАЮ работу
27.07.2020 05:15:01 НАЧИНАЮ работу
27.07.2020 05:15:01 ЗАВЕРШАЮ работу
27.07.2020 05:16:01 НАЧИНАЮ работу
27.07.2020 05:16:01 ЗАВЕРШАЮ работу
27.07.2020 05:17:01 НАЧИНАЮ работу
27.07.2020 05:17:01 ЗАВЕРШАЮ работу
27.07.2020 05:18:02 НАЧИНАЮ работу
27.07.2020 05:18:02 ЗАВЕРШАЮ работу
27.07.2020 05:19:01 НАЧИНАЮ работу
27.07.2020 05:19:01 ЗАВЕРШАЮ работу
27.07.2020 05:20:01 НАЧИНАЮ работу
27.07.2020 05:20:01 ЗАВЕРШАЮ работу
27.07.2020 05:21:02 НАЧИНАЮ работу
27.07.2020 05:21:02 ЗАВЕРШАЮ работу
27.07.2020 05:22:01 НАЧИНАЮ работу
27.07.2020 05:22:01 ЗАВЕРШАЮ работу
27.07.2020 05:23:01 НАЧИНАЮ работу
27.07.2020 05:23:01 ЗАВЕРШАЮ работу
27.07.2020 05:24:01 НАЧИНАЮ работу
27.07.2020 05:24:01 ЗАВЕРШАЮ работу
27.07.2020 05:25:02 НАЧИНАЮ работу
27.07.2020 05:25:02 ЗАВЕРШАЮ работу
27.07.2020 05:26:01 НАЧИНАЮ работу
27.07.2020 05:26:01 ЗАВЕРШАЮ работу
27.07.2020 05:27:01 НАЧИНАЮ работу
27.07.2020 05:27:01 ЗАВЕРШАЮ работу
27.07.2020 05:28:02 НАЧИНАЮ работу
27.07.2020 05:28:02 ЗАВЕРШАЮ работу
27.07.2020 05:29:01 НАЧИНАЮ работу
27.07.2020 05:29:01 ЗАВЕРШАЮ работу
27.07.2020 05:30:01 НАЧИНАЮ работу
27.07.2020 05:30:01 ЗАВЕРШАЮ работу
27.07.2020 05:31:01 НАЧИНАЮ работу
27.07.2020 05:31:01 ЗАВЕРШАЮ работу
27.07.2020 05:32:02 НАЧИНАЮ работу
27.07.2020 05:32:02 ЗАВЕРШАЮ работу
27.07.2020 05:33:01 НАЧИНАЮ работу
27.07.2020 05:33:01 ЗАВЕРШАЮ работу
27.07.2020 05:34:01 НАЧИНАЮ работу
27.07.2020 05:34:01 ЗАВЕРШАЮ работу
27.07.2020 05:35:01 НАЧИНАЮ работу
27.07.2020 05:35:01 ЗАВЕРШАЮ работу
27.07.2020 05:36:02 НАЧИНАЮ работу
27.07.2020 05:36:02 ЗАВЕРШАЮ работу
27.07.2020 05:37:01 НАЧИНАЮ работу
27.07.2020 05:37:01 ЗАВЕРШАЮ работу
27.07.2020 05:38:01 НАЧИНАЮ работу
27.07.2020 05:38:01 ЗАВЕРШАЮ работу
27.07.2020 05:39:02 НАЧИНАЮ работу
27.07.2020 05:39:02 ЗАВЕРШАЮ работу
27.07.2020 05:40:01 НАЧИНАЮ работу
27.07.2020 05:40:01 ЗАВЕРШАЮ работу
27.07.2020 05:41:01 НАЧИНАЮ работу
27.07.2020 05:41:01 ЗАВЕРШАЮ работу
27.07.2020 05:42:01 НАЧИНАЮ работу
27.07.2020 05:42:01 ЗАВЕРШАЮ работу
27.07.2020 05:43:02 НАЧИНАЮ работу
27.07.2020 05:43:02 ЗАВЕРШАЮ работу
27.07.2020 05:44:01 НАЧИНАЮ работу
27.07.2020 05:44:01 ЗАВЕРШАЮ работу
27.07.2020 05:45:01 НАЧИНАЮ работу
27.07.2020 05:45:01 ЗАВЕРШАЮ работу
27.07.2020 05:46:01 НАЧИНАЮ работу
27.07.2020 05:46:01 ЗАВЕРШАЮ работу
27.07.2020 05:47:02 НАЧИНАЮ работу
27.07.2020 05:47:02 ЗАВЕРШАЮ работу
27.07.2020 05:48:01 НАЧИНАЮ работу
27.07.2020 05:48:01 ЗАВЕРШАЮ работу
27.07.2020 05:49:01 НАЧИНАЮ работу
27.07.2020 05:49:01 ЗАВЕРШАЮ работу
27.07.2020 05:50:02 НАЧИНАЮ работу
27.07.2020 05:50:02 ЗАВЕРШАЮ работу
27.07.2020 05:51:01 НАЧИНАЮ работу
27.07.2020 05:51:01 ЗАВЕРШАЮ работу
27.07.2020 05:52:01 НАЧИНАЮ работу
27.07.2020 05:52:01 ЗАВЕРШАЮ работу
27.07.2020 05:53:01 НАЧИНАЮ работу
27.07.2020 05:53:01 ЗАВЕРШАЮ работу
27.07.2020 05:54:02 НАЧИНАЮ работу
27.07.2020 05:54:02 ЗАВЕРШАЮ работу
27.07.2020 05:55:01 НАЧИНАЮ работу
27.07.2020 05:55:01 ЗАВЕРШАЮ работу
27.07.2020 05:56:01 НАЧИНАЮ работу
27.07.2020 05:56:01 ЗАВЕРШАЮ работу
27.07.2020 05:57:02 НАЧИНАЮ работу
27.07.2020 05:57:02 ЗАВЕРШАЮ работу
27.07.2020 05:58:01 НАЧИНАЮ работу
27.07.2020 05:58:01 ЗАВЕРШАЮ работу
27.07.2020 05:59:01 НАЧИНАЮ работу
27.07.2020 05:59:01 ЗАВЕРШАЮ работу
27.07.2020 06:00:01 НАЧИНАЮ работу
27.07.2020 06:00:01 ЗАВЕРШАЮ работу
27.07.2020 06:01:02 НАЧИНАЮ работу
27.07.2020 06:01:02 ЗАВЕРШАЮ работу
27.07.2020 06:02:01 НАЧИНАЮ работу
27.07.2020 06:02:01 ЗАВЕРШАЮ работу
27.07.2020 06:03:01 НАЧИНАЮ работу
27.07.2020 06:03:01 ЗАВЕРШАЮ работу
27.07.2020 06:04:01 НАЧИНАЮ работу
27.07.2020 06:04:01 ЗАВЕРШАЮ работу
27.07.2020 06:05:02 НАЧИНАЮ работу
27.07.2020 06:05:02 ЗАВЕРШАЮ работу
27.07.2020 06:06:01 НАЧИНАЮ работу
27.07.2020 06:06:01 ЗАВЕРШАЮ работу
27.07.2020 06:07:01 НАЧИНАЮ работу
27.07.2020 06:07:01 ЗАВЕРШАЮ работу
27.07.2020 06:08:02 НАЧИНАЮ работу
27.07.2020 06:08:02 ЗАВЕРШАЮ работу
27.07.2020 06:09:01 НАЧИНАЮ работу
27.07.2020 06:09:01 ЗАВЕРШАЮ работу
27.07.2020 06:10:01 НАЧИНАЮ работу
27.07.2020 06:10:01 ЗАВЕРШАЮ работу
27.07.2020 06:11:01 НАЧИНАЮ работу
27.07.2020 06:11:01 ЗАВЕРШАЮ работу
27.07.2020 06:12:02 НАЧИНАЮ работу
27.07.2020 06:12:02 ЗАВЕРШАЮ работу
27.07.2020 06:13:01 НАЧИНАЮ работу
27.07.2020 06:13:01 ЗАВЕРШАЮ работу
27.07.2020 06:14:01 НАЧИНАЮ работу
27.07.2020 06:14:01 ЗАВЕРШАЮ работу
27.07.2020 06:15:02 НАЧИНАЮ работу
27.07.2020 06:15:02 ЗАВЕРШАЮ работу
27.07.2020 06:16:01 НАЧИНАЮ работу
27.07.2020 06:16:01 ЗАВЕРШАЮ работу
27.07.2020 06:17:01 НАЧИНАЮ работу
27.07.2020 06:17:01 ЗАВЕРШАЮ работу
27.07.2020 06:18:01 НАЧИНАЮ работу
27.07.2020 06:18:01 ЗАВЕРШАЮ работу
27.07.2020 06:19:02 НАЧИНАЮ работу
27.07.2020 06:19:02 ЗАВЕРШАЮ работу
27.07.2020 06:20:01 НАЧИНАЮ работу
27.07.2020 06:20:01 ЗАВЕРШАЮ работу
27.07.2020 06:21:01 НАЧИНАЮ работу
27.07.2020 06:21:01 ЗАВЕРШАЮ работу
27.07.2020 06:22:01 НАЧИНАЮ работу
27.07.2020 06:22:01 ЗАВЕРШАЮ работу
27.07.2020 06:23:02 НАЧИНАЮ работу
27.07.2020 06:23:02 ЗАВЕРШАЮ работу
27.07.2020 06:24:01 НАЧИНАЮ работу
27.07.2020 06:24:01 ЗАВЕРШАЮ работу
27.07.2020 06:25:01 НАЧИНАЮ работу
27.07.2020 06:25:01 ЗАВЕРШАЮ работу
27.07.2020 06:26:02 НАЧИНАЮ работу
27.07.2020 06:26:02 ЗАВЕРШАЮ работу
27.07.2020 06:27:01 НАЧИНАЮ работу
27.07.2020 06:27:01 ЗАВЕРШАЮ работу
27.07.2020 06:28:01 НАЧИНАЮ работу
27.07.2020 06:28:01 ЗАВЕРШАЮ работу
27.07.2020 06:29:01 НАЧИНАЮ работу
27.07.2020 06:29:01 ЗАВЕРШАЮ работу
27.07.2020 06:30:02 НАЧИНАЮ работу
27.07.2020 06:30:02 ЗАВЕРШАЮ работу
27.07.2020 06:31:01 НАЧИНАЮ работу
27.07.2020 06:31:01 ЗАВЕРШАЮ работу
27.07.2020 06:32:01 НАЧИНАЮ работу
27.07.2020 06:32:01 ЗАВЕРШАЮ работу
27.07.2020 06:33:01 НАЧИНАЮ работу
27.07.2020 06:33:01 ЗАВЕРШАЮ работу
27.07.2020 06:34:02 НАЧИНАЮ работу
27.07.2020 06:34:02 ЗАВЕРШАЮ работу
27.07.2020 06:35:01 НАЧИНАЮ работу
27.07.2020 06:35:01 ЗАВЕРШАЮ работу
27.07.2020 06:36:01 НАЧИНАЮ работу
27.07.2020 06:36:01 ЗАВЕРШАЮ работу
27.07.2020 06:37:02 НАЧИНАЮ работу
27.07.2020 06:37:02 ЗАВЕРШАЮ работу
27.07.2020 06:38:01 НАЧИНАЮ работу
27.07.2020 06:38:01 ЗАВЕРШАЮ работу
27.07.2020 06:39:01 НАЧИНАЮ работу
27.07.2020 06:39:01 ЗАВЕРШАЮ работу
27.07.2020 06:40:01 НАЧИНАЮ работу
27.07.2020 06:40:01 ЗАВЕРШАЮ работу
27.07.2020 06:41:02 НАЧИНАЮ работу
27.07.2020 06:41:02 ЗАВЕРШАЮ работу
27.07.2020 06:42:01 НАЧИНАЮ работу
27.07.2020 06:42:01 ЗАВЕРШАЮ работу
27.07.2020 06:43:01 НАЧИНАЮ работу
27.07.2020 06:43:01 ЗАВЕРШАЮ работу
27.07.2020 06:44:02 НАЧИНАЮ работу
27.07.2020 06:44:02 ЗАВЕРШАЮ работу
27.07.2020 06:45:01 НАЧИНАЮ работу
27.07.2020 06:45:01 ЗАВЕРШАЮ работу
27.07.2020 06:46:01 НАЧИНАЮ работу
27.07.2020 06:46:01 ЗАВЕРШАЮ работу
27.07.2020 06:47:01 НАЧИНАЮ работу
27.07.2020 06:47:01 ЗАВЕРШАЮ работу
27.07.2020 06:48:02 НАЧИНАЮ работу
27.07.2020 06:48:02 ЗАВЕРШАЮ работу
27.07.2020 06:49:01 НАЧИНАЮ работу
27.07.2020 06:49:01 ЗАВЕРШАЮ работу
27.07.2020 06:50:01 НАЧИНАЮ работу
27.07.2020 06:50:01 ЗАВЕРШАЮ работу
27.07.2020 06:51:01 НАЧИНАЮ работу
27.07.2020 06:51:01 ЗАВЕРШАЮ работу
27.07.2020 06:52:02 НАЧИНАЮ работу
27.07.2020 06:52:02 ЗАВЕРШАЮ работу
27.07.2020 06:53:01 НАЧИНАЮ работу
27.07.2020 06:53:01 ЗАВЕРШАЮ работу
27.07.2020 06:54:01 НАЧИНАЮ работу
27.07.2020 06:54:01 ЗАВЕРШАЮ работу
27.07.2020 06:55:02 НАЧИНАЮ работу
27.07.2020 06:55:02 ЗАВЕРШАЮ работу
27.07.2020 06:56:01 НАЧИНАЮ работу
27.07.2020 06:56:01 ЗАВЕРШАЮ работу
27.07.2020 06:57:01 НАЧИНАЮ работу
27.07.2020 06:57:01 ЗАВЕРШАЮ работу
27.07.2020 06:58:01 НАЧИНАЮ работу
27.07.2020 06:58:01 ЗАВЕРШАЮ работу
27.07.2020 06:59:02 НАЧИНАЮ работу
27.07.2020 06:59:02 ЗАВЕРШАЮ работу
27.07.2020 07:00:01 НАЧИНАЮ работу
27.07.2020 07:00:01 ЗАВЕРШАЮ работу
27.07.2020 07:01:01 НАЧИНАЮ работу
27.07.2020 07:01:01 ЗАВЕРШАЮ работу
27.07.2020 07:02:01 НАЧИНАЮ работу
27.07.2020 07:02:01 ЗАВЕРШАЮ работу
27.07.2020 07:03:02 НАЧИНАЮ работу
27.07.2020 07:03:02 ЗАВЕРШАЮ работу
27.07.2020 07:04:01 НАЧИНАЮ работу
27.07.2020 07:04:01 ЗАВЕРШАЮ работу
27.07.2020 07:05:01 НАЧИНАЮ работу
27.07.2020 07:05:01 ЗАВЕРШАЮ работу
27.07.2020 07:06:02 НАЧИНАЮ работу
27.07.2020 07:06:02 ЗАВЕРШАЮ работу
27.07.2020 07:07:01 НАЧИНАЮ работу
27.07.2020 07:07:01 ЗАВЕРШАЮ работу
27.07.2020 07:08:01 НАЧИНАЮ работу
27.07.2020 07:08:01 ЗАВЕРШАЮ работу
27.07.2020 07:09:01 НАЧИНАЮ работу
27.07.2020 07:09:01 ЗАВЕРШАЮ работу
27.07.2020 07:10:02 НАЧИНАЮ работу
27.07.2020 07:10:02 ЗАВЕРШАЮ работу
27.07.2020 07:11:01 НАЧИНАЮ работу
27.07.2020 07:11:01 ЗАВЕРШАЮ работу
27.07.2020 07:12:01 НАЧИНАЮ работу
27.07.2020 07:12:01 ЗАВЕРШАЮ работу
27.07.2020 07:13:02 НАЧИНАЮ работу
27.07.2020 07:13:02 ЗАВЕРШАЮ работу
27.07.2020 07:14:01 НАЧИНАЮ работу
27.07.2020 07:14:01 ЗАВЕРШАЮ работу
27.07.2020 07:15:01 НАЧИНАЮ работу
27.07.2020 07:15:01 ЗАВЕРШАЮ работу
27.07.2020 07:16:01 НАЧИНАЮ работу
27.07.2020 07:16:01 ЗАВЕРШАЮ работу
27.07.2020 07:17:02 НАЧИНАЮ работу
27.07.2020 07:17:02 ЗАВЕРШАЮ работу
27.07.2020 07:18:01 НАЧИНАЮ работу
27.07.2020 07:18:01 ЗАВЕРШАЮ работу
27.07.2020 07:19:01 НАЧИНАЮ работу
27.07.2020 07:19:01 ЗАВЕРШАЮ работу
27.07.2020 07:20:01 НАЧИНАЮ работу
27.07.2020 07:20:01 ЗАВЕРШАЮ работу
27.07.2020 07:21:02 НАЧИНАЮ работу
27.07.2020 07:21:02 ЗАВЕРШАЮ работу
27.07.2020 07:22:01 НАЧИНАЮ работу
27.07.2020 07:22:01 ЗАВЕРШАЮ работу
27.07.2020 07:23:01 НАЧИНАЮ работу
27.07.2020 07:23:01 ЗАВЕРШАЮ работу
27.07.2020 07:24:02 НАЧИНАЮ работу
27.07.2020 07:24:02 ЗАВЕРШАЮ работу
27.07.2020 07:25:01 НАЧИНАЮ работу
27.07.2020 07:25:01 ЗАВЕРШАЮ работу
27.07.2020 07:26:01 НАЧИНАЮ работу
27.07.2020 07:26:01 ЗАВЕРШАЮ работу
27.07.2020 07:27:01 НАЧИНАЮ работу
27.07.2020 07:27:01 ЗАВЕРШАЮ работу
27.07.2020 07:28:02 НАЧИНАЮ работу
27.07.2020 07:28:02 ЗАВЕРШАЮ работу
27.07.2020 07:29:01 НАЧИНАЮ работу
27.07.2020 07:29:01 ЗАВЕРШАЮ работу
27.07.2020 07:30:01 НАЧИНАЮ работу
27.07.2020 07:30:01 ЗАВЕРШАЮ работу
27.07.2020 07:31:01 НАЧИНАЮ работу
27.07.2020 07:31:01 ЗАВЕРШАЮ работу
27.07.2020 07:32:02 НАЧИНАЮ работу
27.07.2020 07:32:02 ЗАВЕРШАЮ работу
27.07.2020 07:33:01 НАЧИНАЮ работу
27.07.2020 07:33:01 ЗАВЕРШАЮ работу
27.07.2020 07:34:01 НАЧИНАЮ работу
27.07.2020 07:34:01 ЗАВЕРШАЮ работу
27.07.2020 07:35:02 НАЧИНАЮ работу
27.07.2020 07:35:02 ЗАВЕРШАЮ работу
27.07.2020 07:36:01 НАЧИНАЮ работу
27.07.2020 07:36:01 ЗАВЕРШАЮ работу
27.07.2020 07:37:01 НАЧИНАЮ работу
27.07.2020 07:37:01 ЗАВЕРШАЮ работу
27.07.2020 07:38:01 НАЧИНАЮ работу
27.07.2020 07:38:01 ЗАВЕРШАЮ работу
27.07.2020 07:39:02 НАЧИНАЮ работу
27.07.2020 07:39:02 ЗАВЕРШАЮ работу
27.07.2020 07:40:01 НАЧИНАЮ работу
27.07.2020 07:40:01 ЗАВЕРШАЮ работу
27.07.2020 07:41:01 НАЧИНАЮ работу
27.07.2020 07:41:01 ЗАВЕРШАЮ работу
27.07.2020 07:42:02 НАЧИНАЮ работу
27.07.2020 07:42:02 ЗАВЕРШАЮ работу
27.07.2020 07:43:01 НАЧИНАЮ работу
27.07.2020 07:43:01 ЗАВЕРШАЮ работу
27.07.2020 07:44:01 НАЧИНАЮ работу
27.07.2020 07:44:01 ЗАВЕРШАЮ работу
27.07.2020 07:45:01 НАЧИНАЮ работу
27.07.2020 07:45:01 ЗАВЕРШАЮ работу
27.07.2020 07:46:02 НАЧИНАЮ работу
27.07.2020 07:46:02 ЗАВЕРШАЮ работу
27.07.2020 07:47:01 НАЧИНАЮ работу
27.07.2020 07:47:01 ЗАВЕРШАЮ работу
27.07.2020 07:48:01 НАЧИНАЮ работу
27.07.2020 07:48:01 ЗАВЕРШАЮ работу
27.07.2020 07:49:01 НАЧИНАЮ работу
27.07.2020 07:49:01 ЗАВЕРШАЮ работу
27.07.2020 07:50:02 НАЧИНАЮ работу
27.07.2020 07:50:02 ЗАВЕРШАЮ работу
27.07.2020 07:51:01 НАЧИНАЮ работу
27.07.2020 07:51:01 ЗАВЕРШАЮ работу
27.07.2020 07:52:01 НАЧИНАЮ работу
27.07.2020 07:52:01 ЗАВЕРШАЮ работу
27.07.2020 07:53:02 НАЧИНАЮ работу
27.07.2020 07:53:02 ЗАВЕРШАЮ работу
27.07.2020 07:54:01 НАЧИНАЮ работу
27.07.2020 07:54:01 ЗАВЕРШАЮ работу
27.07.2020 07:55:01 НАЧИНАЮ работу
27.07.2020 07:55:01 ЗАВЕРШАЮ работу
27.07.2020 07:56:01 НАЧИНАЮ работу
27.07.2020 07:56:01 ЗАВЕРШАЮ работу
27.07.2020 07:57:02 НАЧИНАЮ работу
27.07.2020 07:57:02 ЗАВЕРШАЮ работу
27.07.2020 07:58:01 НАЧИНАЮ работу
27.07.2020 07:58:01 ЗАВЕРШАЮ работу
27.07.2020 07:59:01 НАЧИНАЮ работу
27.07.2020 07:59:01 ЗАВЕРШАЮ работу
27.07.2020 08:00:01 НАЧИНАЮ работу
27.07.2020 08:00:01 ЗАВЕРШАЮ работу
27.07.2020 08:01:02 НАЧИНАЮ работу
27.07.2020 08:01:02 ЗАВЕРШАЮ работу
27.07.2020 08:02:01 НАЧИНАЮ работу
27.07.2020 08:02:01 ЗАВЕРШАЮ работу
27.07.2020 08:03:01 НАЧИНАЮ работу
27.07.2020 08:03:01 ЗАВЕРШАЮ работу
27.07.2020 08:04:02 НАЧИНАЮ работу
27.07.2020 08:04:02 ЗАВЕРШАЮ работу
27.07.2020 08:05:01 НАЧИНАЮ работу
27.07.2020 08:05:01 ЗАВЕРШАЮ работу
27.07.2020 08:06:01 НАЧИНАЮ работу
27.07.2020 08:06:01 ЗАВЕРШАЮ работу
27.07.2020 08:07:01 НАЧИНАЮ работу
27.07.2020 08:07:01 ЗАВЕРШАЮ работу
27.07.2020 08:08:02 НАЧИНАЮ работу
27.07.2020 08:08:02 ЗАВЕРШАЮ работу
27.07.2020 08:09:01 НАЧИНАЮ работу
27.07.2020 08:09:01 ЗАВЕРШАЮ работу
27.07.2020 08:10:01 НАЧИНАЮ работу
27.07.2020 08:10:01 ЗАВЕРШАЮ работу
27.07.2020 08:11:01 НАЧИНАЮ работу
27.07.2020 08:11:01 ЗАВЕРШАЮ работу
27.07.2020 08:12:02 НАЧИНАЮ работу
27.07.2020 08:12:02 ЗАВЕРШАЮ работу
27.07.2020 08:13:01 НАЧИНАЮ работу
27.07.2020 08:13:01 ЗАВЕРШАЮ работу
27.07.2020 08:14:01 НАЧИНАЮ работу
27.07.2020 08:14:01 ЗАВЕРШАЮ работу
27.07.2020 08:15:01 НАЧИНАЮ работу
27.07.2020 08:15:01 ЗАВЕРШАЮ работу
27.07.2020 08:16:02 НАЧИНАЮ работу
27.07.2020 08:16:02 ЗАВЕРШАЮ работу
27.07.2020 08:17:01 НАЧИНАЮ работу
27.07.2020 08:17:01 ЗАВЕРШАЮ работу
27.07.2020 08:18:01 НАЧИНАЮ работу
27.07.2020 08:18:01 ЗАВЕРШАЮ работу
27.07.2020 08:19:02 НАЧИНАЮ работу
27.07.2020 08:19:02 ЗАВЕРШАЮ работу
27.07.2020 08:20:01 НАЧИНАЮ работу
27.07.2020 08:20:01 ЗАВЕРШАЮ работу
27.07.2020 08:21:01 НАЧИНАЮ работу
27.07.2020 08:21:01 ЗАВЕРШАЮ работу
27.07.2020 08:22:01 НАЧИНАЮ работу
27.07.2020 08:22:01 ЗАВЕРШАЮ работу
27.07.2020 08:23:02 НАЧИНАЮ работу
27.07.2020 08:23:02 ЗАВЕРШАЮ работу
27.07.2020 08:24:01 НАЧИНАЮ работу
27.07.2020 08:24:01 ЗАВЕРШАЮ работу
27.07.2020 08:25:01 НАЧИНАЮ работу
27.07.2020 08:25:01 ЗАВЕРШАЮ работу
27.07.2020 08:26:01 НАЧИНАЮ работу
27.07.2020 08:26:01 ЗАВЕРШАЮ работу
27.07.2020 08:27:02 НАЧИНАЮ работу
27.07.2020 08:27:02 ЗАВЕРШАЮ работу
27.07.2020 08:28:01 НАЧИНАЮ работу
27.07.2020 08:28:01 ЗАВЕРШАЮ работу
27.07.2020 08:29:01 НАЧИНАЮ работу
27.07.2020 08:29:01 ЗАВЕРШАЮ работу
27.07.2020 08:30:01 НАЧИНАЮ работу
27.07.2020 08:30:01 ЗАВЕРШАЮ работу
27.07.2020 08:31:01 НАЧИНАЮ работу
27.07.2020 08:31:01 ЗАВЕРШАЮ работу
27.07.2020 08:32:02 НАЧИНАЮ работу
27.07.2020 08:32:02 ЗАВЕРШАЮ работу
27.07.2020 08:33:01 НАЧИНАЮ работу
27.07.2020 08:33:01 ЗАВЕРШАЮ работу
27.07.2020 08:34:01 НАЧИНАЮ работу
27.07.2020 08:34:01 ЗАВЕРШАЮ работу
27.07.2020 08:35:01 НАЧИНАЮ работу
27.07.2020 08:35:01 ЗАВЕРШАЮ работу
27.07.2020 08:36:01 НАЧИНАЮ работу
27.07.2020 08:36:01 ЗАВЕРШАЮ работу
27.07.2020 08:37:02 НАЧИНАЮ работу
27.07.2020 08:37:02 ЗАВЕРШАЮ работу
27.07.2020 08:38:01 НАЧИНАЮ работу
27.07.2020 08:38:01 ЗАВЕРШАЮ работу
27.07.2020 08:39:01 НАЧИНАЮ работу
27.07.2020 08:39:01 ЗАВЕРШАЮ работу
27.07.2020 08:40:01 НАЧИНАЮ работу
27.07.2020 08:40:01 ЗАВЕРШАЮ работу
27.07.2020 08:41:02 НАЧИНАЮ работу
27.07.2020 08:41:02 ЗАВЕРШАЮ работу
27.07.2020 08:42:01 НАЧИНАЮ работу
27.07.2020 08:42:01 ЗАВЕРШАЮ работу
27.07.2020 08:43:01 НАЧИНАЮ работу
27.07.2020 08:43:01 ЗАВЕРШАЮ работу
27.07.2020 08:44:01 НАЧИНАЮ работу
27.07.2020 08:44:01 ЗАВЕРШАЮ работу
27.07.2020 08:45:01 НАЧИНАЮ работу
27.07.2020 08:45:02 ЗАВЕРШАЮ работу
27.07.2020 08:46:01 НАЧИНАЮ работу
27.07.2020 08:46:01 ЗАВЕРШАЮ работу
27.07.2020 08:47:01 НАЧИНАЮ работу
27.07.2020 08:47:01 ЗАВЕРШАЮ работу
27.07.2020 08:48:01 НАЧИНАЮ работу
27.07.2020 08:48:01 ЗАВЕРШАЮ работу
27.07.2020 08:49:01 НАЧИНАЮ работу
27.07.2020 08:49:01 ЗАВЕРШАЮ работу
27.07.2020 08:50:02 НАЧИНАЮ работу
27.07.2020 08:50:02 ЗАВЕРШАЮ работу
27.07.2020 08:51:01 НАЧИНАЮ работу
27.07.2020 08:51:01 ЗАВЕРШАЮ работу
27.07.2020 08:52:01 НАЧИНАЮ работу
27.07.2020 08:52:01 ЗАВЕРШАЮ работу
27.07.2020 08:53:01 НАЧИНАЮ работу
27.07.2020 08:53:01 ЗАВЕРШАЮ работу
27.07.2020 08:54:02 НАЧИНАЮ работу
27.07.2020 08:54:02 ЗАВЕРШАЮ работу
27.07.2020 08:55:01 НАЧИНАЮ работу
27.07.2020 08:55:01 ЗАВЕРШАЮ работу
27.07.2020 08:56:01 НАЧИНАЮ работу
27.07.2020 08:56:01 ЗАВЕРШАЮ работу
27.07.2020 08:57:01 НАЧИНАЮ работу
27.07.2020 08:57:01 ЗАВЕРШАЮ работу
27.07.2020 08:58:02 НАЧИНАЮ работу
27.07.2020 08:58:02 ЗАВЕРШАЮ работу
27.07.2020 08:59:01 НАЧИНАЮ работу
27.07.2020 08:59:01 ЗАВЕРШАЮ работу
27.07.2020 09:00:01 НАЧИНАЮ работу
27.07.2020 09:00:01 ЗАВЕРШАЮ работу
27.07.2020 09:01:02 НАЧИНАЮ работу
27.07.2020 09:01:02 ЗАВЕРШАЮ работу
27.07.2020 09:02:01 НАЧИНАЮ работу
27.07.2020 09:02:01 ЗАВЕРШАЮ работу
27.07.2020 09:03:01 НАЧИНАЮ работу
27.07.2020 09:03:01 ЗАВЕРШАЮ работу
27.07.2020 09:04:01 НАЧИНАЮ работу
27.07.2020 09:04:01 ЗАВЕРШАЮ работу
27.07.2020 09:05:02 НАЧИНАЮ работу
27.07.2020 09:05:02 ЗАВЕРШАЮ работу
27.07.2020 09:06:01 НАЧИНАЮ работу
27.07.2020 09:06:01 ЗАВЕРШАЮ работу
27.07.2020 09:07:01 НАЧИНАЮ работу
27.07.2020 09:07:01 ЗАВЕРШАЮ работу
27.07.2020 09:08:01 НАЧИНАЮ работу
27.07.2020 09:08:01 ЗАВЕРШАЮ работу
27.07.2020 09:09:01 НАЧИНАЮ работу
27.07.2020 09:09:01 ЗАВЕРШАЮ работу
27.07.2020 09:10:02 НАЧИНАЮ работу
27.07.2020 09:10:02 Проставлена метка cron_deleted_flag. Таблица класса: file_grbsTable. Запись id: 10. Название файла: Заявление. Макаров В.А. КЭ-223.pdf
27.07.2020 09:10:02 Проставлена метка cron_deleted_flag. Таблица класса: file_grbsTable. Запись id: 11. Название файла: 4 задание.Макаров В.А..pdf
27.07.2020 09:10:02 Проставлена метка cron_deleted_flag. Таблица класса: file_grbsTable. Запись id: 12. Название файла: Реценция.docx
27.07.2020 09:10:02 ЗАВЕРШАЮ работу
27.07.2020 09:11:01 НАЧИНАЮ работу
27.07.2020 09:11:01 ЗАВЕРШАЮ работу
27.07.2020 09:12:01 НАЧИНАЮ работу
27.07.2020 09:12:01 ЗАВЕРШАЮ работу
27.07.2020 09:13:01 НАЧИНАЮ работу
27.07.2020 09:13:01 Проставлена метка cron_deleted_flag. Таблица класса: file_grbsTable. Запись id: 13. Название файла: Воробьев подготовка ответов.docx
27.07.2020 09:13:01 Проставлена метка cron_deleted_flag. Таблица класса: file_grbsTable. Запись id: 14. Название файла: Документ Microsoft Word.docx
27.07.2020 09:13:01 ЗАВЕРШАЮ работу
27.07.2020 09:14:02 НАЧИНАЮ работу
27.07.2020 09:14:02 ЗАВЕРШАЮ работу
